Using pre-set license
Built from '2022.3/staging' branch; Version is '2022.3.17f1 (4fc78088f837) revision 5228416'; Using compiler version '192829333'; Build Type 'Release'
OS: 'Windows 11  (10.0.22631) 64bit Professional' Language: 'en' Physical Memory: 16221 MB
BatchMode: 1, IsHumanControllingUs: 0, StartBugReporterOnCrash: 0, Is64bit: 1, IsPro: 1

COMMAND LINE ARGUMENTS:
C:\Program Files\Unity 2022.3.17f1\Editor\Unity.exe
-adb2
-batchMode
-noUpm
-name
AssetImportWorker3
-projectPath
D:/FinalEscapeRoom
-logFile
Logs/AssetImportWorker3.log
-srvPort
56229
Successfully changed project path to: D:/FinalEscapeRoom
D:/FinalEscapeRoom
[UnityMemory] Configuration Parameters - Can be set up in boot.config
    "memorysetup-bucket-allocator-granularity=16"
    "memorysetup-bucket-allocator-bucket-count=8"
    "memorysetup-bucket-allocator-block-size=33554432"
    "memorysetup-bucket-allocator-block-count=8"
    "memorysetup-main-allocator-block-size=16777216"
    "memorysetup-thread-allocator-block-size=16777216"
    "memorysetup-gfx-main-allocator-block-size=16777216"
    "memorysetup-gfx-thread-allocator-block-size=16777216"
    "memorysetup-cache-allocator-block-size=4194304"
    "memorysetup-typetree-allocator-block-size=2097152"
    "memorysetup-profiler-bucket-allocator-granularity=16"
    "memorysetup-profiler-bucket-allocator-bucket-count=8"
    "memorysetup-profiler-bucket-allocator-block-size=33554432"
    "memorysetup-profiler-bucket-allocator-block-count=8"
    "memorysetup-profiler-allocator-block-size=16777216"
    "memorysetup-profiler-editor-allocator-block-size=1048576"
    "memorysetup-temp-allocator-size-main=16777216"
    "memorysetup-job-temp-allocator-block-size=2097152"
    "memorysetup-job-temp-allocator-block-size-background=1048576"
    "memorysetup-job-temp-allocator-reduction-small-platforms=262144"
    "memorysetup-allocator-temp-initial-block-size-main=262144"
    "memorysetup-allocator-temp-initial-block-size-worker=262144"
    "memorysetup-temp-allocator-size-background-worker=32768"
    "memorysetup-temp-allocator-size-job-worker=262144"
    "memorysetup-temp-allocator-size-preload-manager=33554432"
    "memorysetup-temp-allocator-size-nav-mesh-worker=65536"
    "memorysetup-temp-allocator-size-audio-worker=65536"
    "memorysetup-temp-allocator-size-cloud-worker=32768"
    "memorysetup-temp-allocator-size-gi-baking-worker=262144"
    "memorysetup-temp-allocator-size-gfx=262144"
Player connection [19640] Host "[IP] 192.168.1.4 [Port] 0 [Flags] 2 [Guid] 1541634917 [EditorId] 1541634917 [Version] 1048832 [Id] WindowsEditor(7,WIN-TKIPOIE4PIJ) [Debug] 1 [PackageName] WindowsEditor [ProjectName] Editor" joined multi-casting on [225.0.0.222:54997]...

Player connection [19640] Host "[IP] 192.168.1.4 [Port] 0 [Flags] 2 [Guid] 1541634917 [EditorId] 1541634917 [Version] 1048832 [Id] WindowsEditor(7,WIN-TKIPOIE4PIJ) [Debug] 1 [PackageName] WindowsEditor [ProjectName] Editor" joined alternative multi-casting on [225.0.0.222:34997]...

[Physics::Module] Initialized MultithreadedJobDispatcher with 11 workers.
Refreshing native plugins compatible for Editor in 113.76 ms, found 13 plugins.
Preloading 1 native plugins for Editor in 2.40 ms.
Initialize engine version: 2022.3.17f1 (4fc78088f837)
[Subsystems] Discovering subsystems at path C:/Program Files/Unity 2022.3.17f1/Editor/Data/Resources/UnitySubsystems
[Subsystems] Discovering subsystems at path D:/FinalEscapeRoom/Assets
GfxDevice: creating device client; threaded=0; jobified=0
Direct3D:
    Version:  Direct3D 11.0 [level 11.1]
    Renderer: NVIDIA GeForce RTX 2060 (ID=0x1f15)
    Vendor:   NVIDIA
    VRAM:     5980 MB
    Driver:   27.21.14.5167
Initialize mono
Mono path[0] = 'C:/Program Files/Unity 2022.3.17f1/Editor/Data/Managed'
Mono path[1] = 'C:/Program Files/Unity 2022.3.17f1/Editor/Data/MonoBleedingEdge/lib/mono/unityjit-win32'
Mono config path = 'C:/Program Files/Unity 2022.3.17f1/Editor/Data/MonoBleedingEdge/etc'
Using monoOptions --debugger-agent=transport=dt_socket,embedding=1,server=y,suspend=n,address=127.0.0.1:56212
Begin MonoManager ReloadAssembly
Registering precompiled unity dll's ...
Register platform support module: C:/Program Files/Unity 2022.3.17f1/Editor/Data/PlaybackEngines/AndroidPlayer/UnityEditor.Android.Extensions.dll
Register platform support module: C:/Program Files/Unity 2022.3.17f1/Editor/Data/PlaybackEngines/WindowsStandaloneSupport/UnityEditor.WindowsStandalone.Extensions.dll
Registered in 0.142393 seconds.
- Loaded All Assemblies, in  4.492 seconds
Native extension for WindowsStandalone target not found
Native extension for Android target not found
Mono: successfully reloaded assembly
- Finished resetting the current domain, in  5.351 seconds
Domain Reload Profiling: 9832ms
	BeginReloadAssembly (1388ms)
		ExecutionOrderSort (0ms)
		DisableScriptedObjects (0ms)
		BackupInstance (0ms)
		ReleaseScriptingObjects (0ms)
		CreateAndSetChildDomain (18ms)
	RebuildCommonClasses (241ms)
	RebuildNativeTypeToScriptingClass (59ms)
	initialDomainReloadingComplete (710ms)
	LoadAllAssembliesAndSetupDomain (2078ms)
		LoadAssemblies (1352ms)
		RebuildTransferFunctionScriptingTraits (0ms)
		AnalyzeDomain (2058ms)
			TypeCache.Refresh (2045ms)
				TypeCache.ScanAssembly (1846ms)
			ScanForSourceGeneratedMonoScriptInfo (4ms)
			ResolveRequiredComponents (4ms)
	FinalizeReload (5356ms)
		ReleaseScriptCaches (0ms)
		RebuildScriptCaches (0ms)
		SetupLoadedEditorAssemblies (4326ms)
			LogAssemblyErrors (0ms)
			InitializePlatformSupportModulesInManaged (1317ms)
			SetLoadedEditorAssemblies (19ms)
			RefreshPlugins (0ms)
			BeforeProcessingInitializeOnLoad (11ms)
			ProcessInitializeOnLoadAttributes (2165ms)
			ProcessInitializeOnLoadMethodAttributes (813ms)
			AfterProcessingInitializeOnLoad (0ms)
			EditorAssembliesLoaded (1ms)
		ExecutionOrderSort2 (0ms)
		AwakeInstancesAfterBackupRestoration (0ms)
========================================================================
Worker process is ready to serve import requests
Begin MonoManager ReloadAssembly
- Loaded All Assemblies, in  6.176 seconds
Refreshing native plugins compatible for Editor in 92.69 ms, found 13 plugins.
Native extension for WindowsStandalone target not found
Native extension for Android target not found
Package Manager log level set to [2]
[Package Manager] Server::EnsureServerProcessIsRunning -- launch failed, reason: Unity was launched with the -noUpm command-line argument
[Package Manager] UpmClient::Send -- Unable to send message (not connected to UPM process).
[Package Manager] Cannot connect to Unity Package Manager local server
[Package Manager] Server::EnsureServerProcessIsRunning -- launch failed, reason: Unity was launched with the -noUpm command-line argument
[Package Manager] UpmClient::Send -- Unable to send message (not connected to UPM process).
[Package Manager] Cannot connect to Unity Package Manager local server
System.Reflection.TargetInvocationException: Exception has been thrown by the target of an invocation. ---> System.NullReferenceException: Object reference not set to an instance of an object
  at Unity.XR.Oculus.OculusLoader.AssetPathToAbsolutePath (System.String assetPath) [0x0003d] in .\Library\PackageCache\com.unity.xr.oculus@4.1.2\Runtime\OculusLoader.cs:287 
  at Unity.XR.Oculus.OculusLoader.EditorLoadOVRPlugin () [0x00084] in .\Library\PackageCache\com.unity.xr.oculus@4.1.2\Runtime\OculusLoader.cs:272 
  at (wrapper managed-to-native) System.Reflection.RuntimeMethodInfo.InternalInvoke(System.Reflection.RuntimeMethodInfo,object,object[],System.Exception&)
  at System.Reflection.RuntimeMethodInfo.Invoke (System.Object obj, System.Reflection.BindingFlags invokeAttr, System.Reflection.Binder binder, System.Object[] parameters, System.Globalization.CultureInfo culture) [0x0006a] in <17d9ce77f27a4bd2afb5ba32c9bea976>:0 
   --- End of inner exception stack trace ---
  at System.Reflection.RuntimeMethodInfo.Invoke (System.Object obj, System.Reflection.BindingFlags invokeAttr, System.Reflection.Binder binder, System.Object[] parameters, System.Globalization.CultureInfo culture) [0x00083] in <17d9ce77f27a4bd2afb5ba32c9bea976>:0 
  at System.Reflection.MethodBase.Invoke (System.Object obj, System.Object[] parameters) [0x00000] in <17d9ce77f27a4bd2afb5ba32c9bea976>:0 
  at UnityEditor.EditorAssemblies.ProcessInitializeOnLoadMethodAttributes () [0x000a5] in <5e6ebaa7d75c4d5399dc81ecead6b43f>:0 
UnityEngine.StackTraceUtility:ExtractStackTrace ()
UnityEngine.DebugLogHandler:LogFormat (UnityEngine.LogType,UnityEngine.Object,string,object[])
UnityEngine.Logger:Log (UnityEngine.LogType,object)
UnityEngine.Debug:LogError (object)
UnityEditor.EditorAssemblies:ProcessInitializeOnLoadMethodAttributes ()

Mono: successfully reloaded assembly
[Package Manager] Server::EnsureServerProcessIsRunning -- launch failed, reason: Unity was launched with the -noUpm command-line argument
[Package Manager] UpmClient::Send -- Unable to send message (not connected to UPM process).
[Package Manager] Cannot connect to Unity Package Manager local server
[Package Manager] Server::EnsureServerProcessIsRunning -- launch failed, reason: Unity was launched with the -noUpm command-line argument
[Package Manager] UpmClient::Send -- Unable to send message (not connected to UPM process).
[Package Manager] Cannot connect to Unity Package Manager local server
- Finished resetting the current domain, in  9.182 seconds
Domain Reload Profiling: 15352ms
	BeginReloadAssembly (965ms)
		ExecutionOrderSort (0ms)
		DisableScriptedObjects (27ms)
		BackupInstance (0ms)
		ReleaseScriptingObjects (1ms)
		CreateAndSetChildDomain (92ms)
	RebuildCommonClasses (208ms)
	RebuildNativeTypeToScriptingClass (67ms)
	initialDomainReloadingComplete (241ms)
	LoadAllAssembliesAndSetupDomain (4686ms)
		LoadAssemblies (1875ms)
		RebuildTransferFunctionScriptingTraits (0ms)
		AnalyzeDomain (3502ms)
			TypeCache.Refresh (2960ms)
				TypeCache.ScanAssembly (2720ms)
			ScanForSourceGeneratedMonoScriptInfo (334ms)
			ResolveRequiredComponents (188ms)
	FinalizeReload (9186ms)
		ReleaseScriptCaches (0ms)
		RebuildScriptCaches (0ms)
		SetupLoadedEditorAssemblies (6961ms)
			LogAssemblyErrors (0ms)
			InitializePlatformSupportModulesInManaged (231ms)
			SetLoadedEditorAssemblies (29ms)
			RefreshPlugins (0ms)
			BeforeProcessingInitializeOnLoad (900ms)
			ProcessInitializeOnLoadAttributes (4437ms)
			ProcessInitializeOnLoadMethodAttributes (1287ms)
			AfterProcessingInitializeOnLoad (73ms)
			EditorAssembliesLoaded (4ms)
		ExecutionOrderSort2 (0ms)
		AwakeInstancesAfterBackupRestoration (81ms)
Launched and connected shader compiler UnityShaderCompiler.exe after 1.51 seconds
Refreshing native plugins compatible for Editor in 2403.09 ms, found 13 plugins.
Preloading 1 native plugins for Editor in 0.44 ms.
Unloading 6870 Unused Serialized files (Serialized files now loaded: 0)
Unloading 128 unused Assets / (1.8 MB). Loaded Objects now: 7355.
Memory consumption went from 260.4 MB to 258.6 MB.
Total: 27.286900 ms (FindLiveObjects: 1.784300 ms CreateObjectMapping: 2.400400 ms MarkObjects: 19.447900 ms  DeleteObjects: 3.649500 ms)

AssetImportParameters requested are different than current active one (requested -> active):
  custom:container-demuxer-ogg: 62fdf1f143b41e24485cea50d1cbac27 -> 
  custom:framework-win-MediaFoundation: 216162199b28c13a410421893ffa2e32 -> 
  custom:container-muxer-webm: aa71ff27fc2769a1b78a27578f13a17b -> 
  custom:video-decoder-webm-vp8: 9c59270c3fd7afecdb556c50c9e8de78 -> 
  custom:SearchIndexIgnoredProperties: e643bd26f0fe6173181afceb89e7c659 -> 
  custom:AudioImporter_EditorPlatform: d09bf68614088b80899f8185d706f6e7 -> 
  custom:audio-decoder-ogg-vorbis: bf7c407c2cedff20999df2af8eb42d56 -> 
  custom:audio-encoder-webm-vorbis: bf7c407c2cedff20999df2af8eb42d56 -> 
  custom:video-codec-MediaFoundation-h265: 746d11721c4dcdbdad8f713fa42b33f4 -> 
  custom:video-decoder-ogg-theora: a1e56fd34408186e4bbccfd4996cb3dc -> 
  custom:CustomObjectIndexerAttribute: 62b5816608c3102f162a1797e29626cf -> 
  custom:container-demuxer-webm: 4f35f7cbe854078d1ac9338744f61a02 -> 
  custom:video-encoder-webm-vp8: eb34c28f22e8b96e1ab97ce403110664 -> 
  custom:scripting/monoscript/fileName/ObjectController.cs: d1ef489e23b74c889e186881c1a9f528 -> 
========================================================================
Received Import Request.
  Time since last request: 1784942.348951 seconds.
  path: Assets/ScifiOfficeLite/Meshes/Textures/Environment/Table texture set/Table Texture set 2
  artifactKey: Guid(21e65b11a1a3cb243b328140fb56ddd5) Importer(2089858483,0ecaa5967403d082aa24f35e1b516d23)
Start importing Assets/ScifiOfficeLite/Meshes/Textures/Environment/Table texture set/Table Texture set 2 using Guid(21e65b11a1a3cb243b328140fb56ddd5) Importer(2089858483,0ecaa5967403d082aa24f35e1b516d23) Generated GUIDs only implemented for interfaces!
 -> (artifact id: '88a738ba75951c3dd172d0b8b4bd041e') in 1.359212 seconds
Number of updated asset objects reloaded before import = 0
Number of asset objects unloaded after import = 1
========================================================================
Received Import Request.
  Time since last request: 0.000791 seconds.
  path: Assets/ScifiOfficeLite/Meshes/Textures/Environment/Lights/Ceiling_lights_lo_Diffuse.png
  artifactKey: Guid(414a7e3e985aed84aa470b03519e2584) Importer(2089858483,0ecaa5967403d082aa24f35e1b516d23)
Start importing Assets/ScifiOfficeLite/Meshes/Textures/Environment/Lights/Ceiling_lights_lo_Diffuse.png using Guid(414a7e3e985aed84aa470b03519e2584) Importer(2089858483,0ecaa5967403d082aa24f35e1b516d23) Generated GUIDs only implemented for interfaces!
 -> (artifact id: '4b105f4b4d91874e20070ba2ff5539ce') in 0.846665 seconds
Number of updated asset objects reloaded before import = 0
Number of asset objects unloaded after import = 1
========================================================================
Received Import Request.
  Time since last request: 0.000053 seconds.
  path: Assets/ScifiOfficeLite/Meshes/Textures/Environment/Chair set/Type 2/Chair Set T2_Normal.png
  artifactKey: Guid(837d1e880ba7c194fb6455c2e623be88) Importer(2089858483,0ecaa5967403d082aa24f35e1b516d23)
Start importing Assets/ScifiOfficeLite/Meshes/Textures/Environment/Chair set/Type 2/Chair Set T2_Normal.png using Guid(837d1e880ba7c194fb6455c2e623be88) Importer(2089858483,0ecaa5967403d082aa24f35e1b516d23) Generated GUIDs only implemented for interfaces!
 -> (artifact id: '5488c7e03fcc19dba7b0c1008125e09b') in 0.396890 seconds
Number of updated asset objects reloaded before import = 0
Number of asset objects unloaded after import = 1
========================================================================
Received Import Request.
  Time since last request: 0.000133 seconds.
  path: Assets/ScifiOfficeLite/Meshes/Materials/Walls/Wall Set 1 T1.mat
  artifactKey: Guid(f88206340a69fea4eb7337be27aa7c42) Importer(2089858483,0ecaa5967403d082aa24f35e1b516d23)
Start importing Assets/ScifiOfficeLite/Meshes/Materials/Walls/Wall Set 1 T1.mat using Guid(f88206340a69fea4eb7337be27aa7c42) Importer(2089858483,0ecaa5967403d082aa24f35e1b516d23) Generated GUIDs only implemented for interfaces!
 -> (artifact id: 'd5e9b47403a3f4470ead7e10611ac6f9') in 0.687244 seconds
Number of updated asset objects reloaded before import = 0
Number of asset objects unloaded after import = 4
========================================================================
Received Import Request.
  Time since last request: 0.000103 seconds.
  path: Assets/ScifiOfficeLite/Meshes/Textures/Interactables and Doors/Mechanical arms/Mechanical arms_Maskmap.png
  artifactKey: Guid(77150a14bc2d9f648bfb32d5a905e71d) Importer(2089858483,0ecaa5967403d082aa24f35e1b516d23)
Start importing Assets/ScifiOfficeLite/Meshes/Textures/Interactables and Doors/Mechanical arms/Mechanical arms_Maskmap.png using Guid(77150a14bc2d9f648bfb32d5a905e71d) Importer(2089858483,0ecaa5967403d082aa24f35e1b516d23) Generated GUIDs only implemented for interfaces!
 -> (artifact id: '28293c9f5fa62a0fbfd8d5217b467a46') in 0.253004 seconds
Number of updated asset objects reloaded before import = 0
Number of asset objects unloaded after import = 1
========================================================================
Received Import Request.
  Time since last request: 0.000123 seconds.
  path: Assets/ScifiOfficeLite/Meshes/Walls
  artifactKey: Guid(ffb12b39853d30b41aab8e8392e75005) Importer(2089858483,0ecaa5967403d082aa24f35e1b516d23)
Start importing Assets/ScifiOfficeLite/Meshes/Walls using Guid(ffb12b39853d30b41aab8e8392e75005) Importer(2089858483,0ecaa5967403d082aa24f35e1b516d23) Generated GUIDs only implemented for interfaces!
 -> (artifact id: '26927942d459235def63656e31c4231d') in 0.093496 seconds
Number of updated asset objects reloaded before import = 0
Number of asset objects unloaded after import = 1
========================================================================
Received Import Request.
  Time since last request: 0.000101 seconds.
  path: Assets/ScifiOfficeLite/Meshes/Materials/Table Texture Set/Crates.mat
  artifactKey: Guid(a457eeed7158dbe4199e5cc71f4f9b35) Importer(2089858483,0ecaa5967403d082aa24f35e1b516d23)
Start importing Assets/ScifiOfficeLite/Meshes/Materials/Table Texture Set/Crates.mat using Guid(a457eeed7158dbe4199e5cc71f4f9b35) Importer(2089858483,0ecaa5967403d082aa24f35e1b516d23) Generated GUIDs only implemented for interfaces!
 -> (artifact id: '5eae6b0ff2f5a31f32b24a24e1423348') in 0.290951 seconds
Number of updated asset objects reloaded before import = 0
Number of asset objects unloaded after import = 5
========================================================================
Received Import Request.
  Time since last request: 0.000127 seconds.
  path: Assets/ScifiOfficeLite/Scene/Demo/Lightmap-1_comp_shadowmask.png
  artifactKey: Guid(3d156b3f147ccc64184d59ab1ea838d0) Importer(2089858483,0ecaa5967403d082aa24f35e1b516d23)
Start importing Assets/ScifiOfficeLite/Scene/Demo/Lightmap-1_comp_shadowmask.png using Guid(3d156b3f147ccc64184d59ab1ea838d0) Importer(2089858483,0ecaa5967403d082aa24f35e1b516d23) Generated GUIDs only implemented for interfaces!
 -> (artifact id: '22fd78a685df964c4f342493ae7eee15') in 0.390129 seconds
Number of updated asset objects reloaded before import = 0
Number of asset objects unloaded after import = 1
========================================================================
Received Import Request.
  Time since last request: 0.000108 seconds.
  path: Assets/ScifiOfficeLite/Meshes/Textures/Environment/Table texture set/Table Texture set 3
  artifactKey: Guid(c399d0ccbe0ff5d47ab0f08d79257a53) Importer(2089858483,0ecaa5967403d082aa24f35e1b516d23)
Start importing Assets/ScifiOfficeLite/Meshes/Textures/Environment/Table texture set/Table Texture set 3 using Guid(c399d0ccbe0ff5d47ab0f08d79257a53) Importer(2089858483,0ecaa5967403d082aa24f35e1b516d23) Generated GUIDs only implemented for interfaces!
 -> (artifact id: '28ee17953d3ba173666690549b38d12e') in 0.082637 seconds
Number of updated asset objects reloaded before import = 0
Number of asset objects unloaded after import = 1
========================================================================
Received Import Request.
  Time since last request: 0.000553 seconds.
  path: Assets/ScifiOfficeLite/Meshes/Textures/Environment/Chair set/Chair Set _Diffuse.png
  artifactKey: Guid(4d27daab1eca26945924e29db7972f87) Importer(2089858483,0ecaa5967403d082aa24f35e1b516d23)
Start importing Assets/ScifiOfficeLite/Meshes/Textures/Environment/Chair set/Chair Set _Diffuse.png using Guid(4d27daab1eca26945924e29db7972f87) Importer(2089858483,0ecaa5967403d082aa24f35e1b516d23) Generated GUIDs only implemented for interfaces!
 -> (artifact id: '7795fdcd03ee812374b4295948596ac7') in 0.228829 seconds
Number of updated asset objects reloaded before import = 0
Number of asset objects unloaded after import = 1
========================================================================
Received Import Request.
  Time since last request: 0.000246 seconds.
  path: Assets/ScifiOfficeLite/Meshes/Materials/Table Texture Set/Table set Glass.mat
  artifactKey: Guid(794346bd97615e6469844a48607e7cef) Importer(2089858483,0ecaa5967403d082aa24f35e1b516d23)
Start importing Assets/ScifiOfficeLite/Meshes/Materials/Table Texture Set/Table set Glass.mat using Guid(794346bd97615e6469844a48607e7cef) Importer(2089858483,0ecaa5967403d082aa24f35e1b516d23) Generated GUIDs only implemented for interfaces!
 -> (artifact id: '49ff7a1934f0e3beca3dabdc654efd4f') in 0.471024 seconds
Number of updated asset objects reloaded before import = 0
Number of asset objects unloaded after import = 5
========================================================================
Received Import Request.
  Time since last request: 0.000061 seconds.
  path: Assets/ScifiOfficeLite/Meshes/Textures/Environment/Lights/Ceiling_lights_lo_Emissive.png
  artifactKey: Guid(a64c20280fdd6d847a9098d131028e61) Importer(2089858483,0ecaa5967403d082aa24f35e1b516d23)
Start importing Assets/ScifiOfficeLite/Meshes/Textures/Environment/Lights/Ceiling_lights_lo_Emissive.png using Guid(a64c20280fdd6d847a9098d131028e61) Importer(2089858483,0ecaa5967403d082aa24f35e1b516d23) Generated GUIDs only implemented for interfaces!
 -> (artifact id: '2c0abcb16ef95c815c68cf221c5d6e92') in 0.380543 seconds
Number of updated asset objects reloaded before import = 0
Number of asset objects unloaded after import = 1
========================================================================
Received Import Request.
  Time since last request: 0.000138 seconds.
  path: Assets/ScifiOfficeLite/Meshes/Materials/Ground Mats/Concrete
  artifactKey: Guid(75c98c2e268d7094196d68eff4d58245) Importer(2089858483,0ecaa5967403d082aa24f35e1b516d23)
Start importing Assets/ScifiOfficeLite/Meshes/Materials/Ground Mats/Concrete using Guid(75c98c2e268d7094196d68eff4d58245) Importer(2089858483,0ecaa5967403d082aa24f35e1b516d23) Generated GUIDs only implemented for interfaces!
 -> (artifact id: '6305a231b82eb6785f3d3df328075e19') in 0.092130 seconds
Number of updated asset objects reloaded before import = 0
Number of asset objects unloaded after import = 1
========================================================================
Received Import Request.
  Time since last request: 0.000829 seconds.
  path: Assets/ScifiOfficeLite/Prefabs/Lighting/Ceiling Lights/2D/Ceiling Light.prefab
  artifactKey: Guid(ebb3c85b58baeef44825d9dcc11dc781) Importer(2089858483,0ecaa5967403d082aa24f35e1b516d23)
Start importing Assets/ScifiOfficeLite/Prefabs/Lighting/Ceiling Lights/2D/Ceiling Light.prefab using Guid(ebb3c85b58baeef44825d9dcc11dc781) Importer(2089858483,0ecaa5967403d082aa24f35e1b516d23) Generated GUIDs only implemented for interfaces!
 -> (artifact id: 'd6166f823130ed1a63e5b4833b06839d') in 0.179486 seconds
Number of updated asset objects reloaded before import = 0
Number of asset objects unloaded after import = 13
========================================================================
Received Import Request.
  Time since last request: 0.000071 seconds.
  path: Assets/ScifiOfficeLite/Meshes/Textures/Environment/Table texture set/Table Texture set 1/Table texture set 1 V2_Diffuse.png
  artifactKey: Guid(828adfde60033c54ab9e8170800ab07c) Importer(2089858483,0ecaa5967403d082aa24f35e1b516d23)
Start importing Assets/ScifiOfficeLite/Meshes/Textures/Environment/Table texture set/Table Texture set 1/Table texture set 1 V2_Diffuse.png using Guid(828adfde60033c54ab9e8170800ab07c) Importer(2089858483,0ecaa5967403d082aa24f35e1b516d23) Generated GUIDs only implemented for interfaces!
 -> (artifact id: 'dba895eae86c13428548fad53eee0627') in 0.331079 seconds
Number of updated asset objects reloaded before import = 0
Number of asset objects unloaded after import = 1
========================================================================
Received Import Request.
  Time since last request: 0.000351 seconds.
  path: Assets/ScifiOfficeLite/Meshes/Materials/Ground Mats/Epoxy/Epoxy Ground 20m.mat
  artifactKey: Guid(8deb5a21c783e7e469134e16e01686d1) Importer(2089858483,0ecaa5967403d082aa24f35e1b516d23)
Start importing Assets/ScifiOfficeLite/Meshes/Materials/Ground Mats/Epoxy/Epoxy Ground 20m.mat using Guid(8deb5a21c783e7e469134e16e01686d1) Importer(2089858483,0ecaa5967403d082aa24f35e1b516d23) Generated GUIDs only implemented for interfaces!
 -> (artifact id: '378ec3e4a1def82148a43587fbd0c9c3') in 0.306640 seconds
Number of updated asset objects reloaded before import = 0
Number of asset objects unloaded after import = 4
========================================================================
Received Import Request.
  Time since last request: 0.000097 seconds.
  path: Assets/ScifiOfficeLite/Meshes/Textures/Environment/Wall texture/wall set 1/Wall multiset_Normal.png
  artifactKey: Guid(4a23aba143be8f642aee7b62a5c8ce7d) Importer(2089858483,0ecaa5967403d082aa24f35e1b516d23)
Start importing Assets/ScifiOfficeLite/Meshes/Textures/Environment/Wall texture/wall set 1/Wall multiset_Normal.png using Guid(4a23aba143be8f642aee7b62a5c8ce7d) Importer(2089858483,0ecaa5967403d082aa24f35e1b516d23) Generated GUIDs only implemented for interfaces!
 -> (artifact id: 'a2c46191c53a274e4b8b9541ea1b79da') in 0.587795 seconds
Number of updated asset objects reloaded before import = 0
Number of asset objects unloaded after import = 1
========================================================================
Received Import Request.
  Time since last request: 0.000264 seconds.
  path: Assets/ScifiOfficeLite/Meshes/Office Interior/Carpet
  artifactKey: Guid(8381016bd9d0b164c9a14dc2fd45d007) Importer(2089858483,0ecaa5967403d082aa24f35e1b516d23)
Start importing Assets/ScifiOfficeLite/Meshes/Office Interior/Carpet using Guid(8381016bd9d0b164c9a14dc2fd45d007) Importer(2089858483,0ecaa5967403d082aa24f35e1b516d23) Generated GUIDs only implemented for interfaces!
 -> (artifact id: 'b1d5a7aaacd8dec97bd3d5f6161091e2') in 0.074153 seconds
Number of updated asset objects reloaded before import = 0
Number of asset objects unloaded after import = 1
========================================================================
Received Import Request.
  Time since last request: 0.000232 seconds.
  path: Assets/ScifiOfficeLite/Scene/Demo/Lightmap-0_comp_dir.png
  artifactKey: Guid(62d6e8b1c0cc02e43b523c2d3ed432d9) Importer(2089858483,0ecaa5967403d082aa24f35e1b516d23)
Start importing Assets/ScifiOfficeLite/Scene/Demo/Lightmap-0_comp_dir.png using Guid(62d6e8b1c0cc02e43b523c2d3ed432d9) Importer(2089858483,0ecaa5967403d082aa24f35e1b516d23) Generated GUIDs only implemented for interfaces!
 -> (artifact id: '992fdb98c48a01f50484ae4670963933') in 0.397154 seconds
Number of updated asset objects reloaded before import = 0
Number of asset objects unloaded after import = 1
========================================================================
Received Import Request.
  Time since last request: 0.000260 seconds.
  path: Assets/ScifiOfficeLite/Meshes/Materials/Interactables and Doors/Server, Control, Security panel
  artifactKey: Guid(18bd1454a1fba0f40b98b49667900f3c) Importer(2089858483,0ecaa5967403d082aa24f35e1b516d23)
Start importing Assets/ScifiOfficeLite/Meshes/Materials/Interactables and Doors/Server, Control, Security panel using Guid(18bd1454a1fba0f40b98b49667900f3c) Importer(2089858483,0ecaa5967403d082aa24f35e1b516d23) Generated GUIDs only implemented for interfaces!
 -> (artifact id: '9a478de020a6d80553958a5f25682863') in 0.086160 seconds
Number of updated asset objects reloaded before import = 0
Number of asset objects unloaded after import = 1
========================================================================
Received Import Request.
  Time since last request: 0.000336 seconds.
  path: Assets/ScifiOfficeLite/Meshes/Materials/Interactables and Doors/Doors/Grey Door.mat
  artifactKey: Guid(f9582d594262a05479fe437e0ebc4957) Importer(2089858483,0ecaa5967403d082aa24f35e1b516d23)
Start importing Assets/ScifiOfficeLite/Meshes/Materials/Interactables and Doors/Doors/Grey Door.mat using Guid(f9582d594262a05479fe437e0ebc4957) Importer(2089858483,0ecaa5967403d082aa24f35e1b516d23) Generated GUIDs only implemented for interfaces!
 -> (artifact id: 'a925d9f9eb149862b60c23066909a7cc') in 0.139180 seconds
Number of updated asset objects reloaded before import = 0
Number of asset objects unloaded after import = 4
========================================================================
Received Import Request.
  Time since last request: 0.000064 seconds.
  path: Assets/ScifiOfficeLite/Prefabs/Drawers/Drawer 2 Oak Variant.prefab
  artifactKey: Guid(a07dffe36c92aec44a95c900438af993) Importer(2089858483,0ecaa5967403d082aa24f35e1b516d23)
Start importing Assets/ScifiOfficeLite/Prefabs/Drawers/Drawer 2 Oak Variant.prefab using Guid(a07dffe36c92aec44a95c900438af993) Importer(2089858483,0ecaa5967403d082aa24f35e1b516d23) Generated GUIDs only implemented for interfaces!
 -> (artifact id: '6fe272729ec62f8c9f435b2c97456d45') in 0.291700 seconds
Number of updated asset objects reloaded before import = 0
Number of asset objects unloaded after import = 63
========================================================================
Received Import Request.
  Time since last request: 0.000127 seconds.
  path: Assets/ScifiOfficeLite/Meshes/Textures/Interactables and Doors/Doors/Door 1 Masked Map.tif
  artifactKey: Guid(db329997a13d2f144b29420fa654fb0d) Importer(2089858483,0ecaa5967403d082aa24f35e1b516d23)
Start importing Assets/ScifiOfficeLite/Meshes/Textures/Interactables and Doors/Doors/Door 1 Masked Map.tif using Guid(db329997a13d2f144b29420fa654fb0d) Importer(2089858483,0ecaa5967403d082aa24f35e1b516d23) Generated GUIDs only implemented for interfaces!
 -> (artifact id: '2735114951eb362d5fcb52cdc88ffd2d') in 0.528803 seconds
Number of updated asset objects reloaded before import = 0
Number of asset objects unloaded after import = 1
========================================================================
Received Import Request.
  Time since last request: 0.000119 seconds.
  path: Assets/ScifiOfficeLite/Meshes/Materials/Table Texture Set/Table Texture Set 3.mat
  artifactKey: Guid(2d1a56ba40fb93146866c80098ce14b6) Importer(2089858483,0ecaa5967403d082aa24f35e1b516d23)
Start importing Assets/ScifiOfficeLite/Meshes/Materials/Table Texture Set/Table Texture Set 3.mat using Guid(2d1a56ba40fb93146866c80098ce14b6) Importer(2089858483,0ecaa5967403d082aa24f35e1b516d23) Generated GUIDs only implemented for interfaces!
 -> (artifact id: 'c59eda3f1397ca86739cf9ecd39d8b67') in 0.429448 seconds
Number of updated asset objects reloaded before import = 0
Number of asset objects unloaded after import = 5
========================================================================
Received Import Request.
  Time since last request: 0.000425 seconds.
  path: Assets/ScifiOfficeLite/Meshes/Office Interior/Tables/Table 1.FBX
  artifactKey: Guid(f6e626b1241c71d438b24b65e526b0a2) Importer(2089858483,0ecaa5967403d082aa24f35e1b516d23)
Start importing Assets/ScifiOfficeLite/Meshes/Office Interior/Tables/Table 1.FBX using Guid(f6e626b1241c71d438b24b65e526b0a2) Importer(2089858483,0ecaa5967403d082aa24f35e1b516d23) Generated GUIDs only implemented for interfaces!
 -> (artifact id: '44b659e8e69af298472511288cea1b1f') in 0.464328 seconds
Number of updated asset objects reloaded before import = 0
Number of asset objects unloaded after import = 7
========================================================================
Received Import Request.
  Time since last request: 0.000311 seconds.
  path: Assets/ScifiOfficeLite/Prefabs/Lighting/Ceiling Lights/2D/Ceiling Light Bright.prefab
  artifactKey: Guid(ddfc1292959bce64f8c5c758157712f1) Importer(2089858483,0ecaa5967403d082aa24f35e1b516d23)
Start importing Assets/ScifiOfficeLite/Prefabs/Lighting/Ceiling Lights/2D/Ceiling Light Bright.prefab using Guid(ddfc1292959bce64f8c5c758157712f1) Importer(2089858483,0ecaa5967403d082aa24f35e1b516d23) Generated GUIDs only implemented for interfaces!
 -> (artifact id: '04d3503ddbaaded4dce3ac943ebb24e4') in 0.170363 seconds
Number of updated asset objects reloaded before import = 0
Number of asset objects unloaded after import = 25
========================================================================
Received Import Request.
  Time since last request: 0.000103 seconds.
  path: Assets/ScifiOfficeLite/Prefabs/Wall/Door Wall Opaque.prefab
  artifactKey: Guid(e73c1c658aeddd042bc049a907126289) Importer(2089858483,0ecaa5967403d082aa24f35e1b516d23)
Start importing Assets/ScifiOfficeLite/Prefabs/Wall/Door Wall Opaque.prefab using Guid(e73c1c658aeddd042bc049a907126289) Importer(2089858483,0ecaa5967403d082aa24f35e1b516d23) Generated GUIDs only implemented for interfaces!
 -> (artifact id: 'd5b979afc9ad4e930f69b0950bb810d3') in 0.267228 seconds
Number of updated asset objects reloaded before import = 0
Number of asset objects unloaded after import = 23
========================================================================
Received Import Request.
  Time since last request: 0.000129 seconds.
  path: Assets/ScifiOfficeLite/Meshes/Textures/Environment/Table texture set/Table Props/tray_1001_Normal.png
  artifactKey: Guid(0bdf20db475ca944b8ad8382e82a02f5) Importer(2089858483,0ecaa5967403d082aa24f35e1b516d23)
Start importing Assets/ScifiOfficeLite/Meshes/Textures/Environment/Table texture set/Table Props/tray_1001_Normal.png using Guid(0bdf20db475ca944b8ad8382e82a02f5) Importer(2089858483,0ecaa5967403d082aa24f35e1b516d23) Generated GUIDs only implemented for interfaces!
 -> (artifact id: 'ce5c652b91ed468926417cd8f50702ce') in 0.326002 seconds
Number of updated asset objects reloaded before import = 0
Number of asset objects unloaded after import = 1
========================================================================
Received Import Request.
  Time since last request: 0.000487 seconds.
  path: Assets/ScifiOfficeLite/Meshes/Materials/Interactables and Doors/Server, Control, Security panel/Control Panel.mat
  artifactKey: Guid(f6837370f10850c46bb877c0d661f044) Importer(2089858483,0ecaa5967403d082aa24f35e1b516d23)
Start importing Assets/ScifiOfficeLite/Meshes/Materials/Interactables and Doors/Server, Control, Security panel/Control Panel.mat using Guid(f6837370f10850c46bb877c0d661f044) Importer(2089858483,0ecaa5967403d082aa24f35e1b516d23) Generated GUIDs only implemented for interfaces!
 -> (artifact id: 'b41437fcc3481e7837656a6511db4029') in 0.794416 seconds
Number of updated asset objects reloaded before import = 0
Number of asset objects unloaded after import = 5
========================================================================
Received Import Request.
  Time since last request: 0.000126 seconds.
  path: Assets/ScifiOfficeLite/Prefabs/Tables/White Wood/Table White Wood Variant.prefab
  artifactKey: Guid(e69eb1afde9550f4b83fa3d849eb2aa2) Importer(2089858483,0ecaa5967403d082aa24f35e1b516d23)
Start importing Assets/ScifiOfficeLite/Prefabs/Tables/White Wood/Table White Wood Variant.prefab using Guid(e69eb1afde9550f4b83fa3d849eb2aa2) Importer(2089858483,0ecaa5967403d082aa24f35e1b516d23) Generated GUIDs only implemented for interfaces!
 -> (artifact id: 'fca8954f2921c12fb9309f4afcb4497f') in 0.292223 seconds
Number of updated asset objects reloaded before import = 0
Number of asset objects unloaded after import = 36
========================================================================
Received Import Request.
  Time since last request: 0.004752 seconds.
  path: Assets/ScifiOfficeLite/Meshes/Materials/Table Texture Set/Table Texture Set 1 V2.mat
  artifactKey: Guid(20051cf3f6527f645bea688f325d30dc) Importer(2089858483,0ecaa5967403d082aa24f35e1b516d23)
Start importing Assets/ScifiOfficeLite/Meshes/Materials/Table Texture Set/Table Texture Set 1 V2.mat using Guid(20051cf3f6527f645bea688f325d30dc) Importer(2089858483,0ecaa5967403d082aa24f35e1b516d23) Generated GUIDs only implemented for interfaces!
 -> (artifact id: 'defe61cced2513e128cf2c27b2d1cb93') in 0.458038 seconds
Number of updated asset objects reloaded before import = 0
Number of asset objects unloaded after import = 5
========================================================================
Received Import Request.
  Time since last request: 0.006745 seconds.
  path: Assets/ScifiOfficeLite/Meshes/Textures/Environment/Wall texture/wall set 1
  artifactKey: Guid(14ddfdaab9118da47b22b3a8e00f624a) Importer(2089858483,0ecaa5967403d082aa24f35e1b516d23)
Start importing Assets/ScifiOfficeLite/Meshes/Textures/Environment/Wall texture/wall set 1 using Guid(14ddfdaab9118da47b22b3a8e00f624a) Importer(2089858483,0ecaa5967403d082aa24f35e1b516d23) Generated GUIDs only implemented for interfaces!
 -> (artifact id: 'b7d7be5391c0dbe2e06df05d97f66aaa') in 0.150924 seconds
Number of updated asset objects reloaded before import = 0
Number of asset objects unloaded after import = 1
========================================================================
Received Import Request.
  Time since last request: 0.010589 seconds.
  path: Assets/ScifiOfficeLite/Meshes/Textures/Environment/Table texture set/Table Texture set 3/Table texture set 3_Diffuse.png
  artifactKey: Guid(428be05d34abfe54a8c051a2c09f3619) Importer(2089858483,0ecaa5967403d082aa24f35e1b516d23)
Start importing Assets/ScifiOfficeLite/Meshes/Textures/Environment/Table texture set/Table Texture set 3/Table texture set 3_Diffuse.png using Guid(428be05d34abfe54a8c051a2c09f3619) Importer(2089858483,0ecaa5967403d082aa24f35e1b516d23) Generated GUIDs only implemented for interfaces!
 -> (artifact id: '8f340a48165dadcd08e56bd084ae1aba') in 0.357797 seconds
Number of updated asset objects reloaded before import = 0
Number of asset objects unloaded after import = 1
========================================================================
Received Import Request.
  Time since last request: 0.001663 seconds.
  path: Assets/ScifiOfficeLite/Prefabs/Tech Accessories/Server Rack.prefab
  artifactKey: Guid(ea0853a3b2545524481b0c984f27afd1) Importer(2089858483,0ecaa5967403d082aa24f35e1b516d23)
Start importing Assets/ScifiOfficeLite/Prefabs/Tech Accessories/Server Rack.prefab using Guid(ea0853a3b2545524481b0c984f27afd1) Importer(2089858483,0ecaa5967403d082aa24f35e1b516d23) Generated GUIDs only implemented for interfaces!
 -> (artifact id: 'a10e640015ee6d298acf3efc57a2ed71') in 0.225498 seconds
Number of updated asset objects reloaded before import = 0
Number of asset objects unloaded after import = 46
========================================================================
Received Import Request.
  Time since last request: 0.002211 seconds.
  path: Assets/ScifiOfficeLite/Meshes/Textures/Environment/Table texture set/Table Texture set 1/Table texture set 1_Normal.png
  artifactKey: Guid(2ecdc09e7c348e640a2c1b78607e4995) Importer(2089858483,0ecaa5967403d082aa24f35e1b516d23)
Start importing Assets/ScifiOfficeLite/Meshes/Textures/Environment/Table texture set/Table Texture set 1/Table texture set 1_Normal.png using Guid(2ecdc09e7c348e640a2c1b78607e4995) Importer(2089858483,0ecaa5967403d082aa24f35e1b516d23) Generated GUIDs only implemented for interfaces!
 -> (artifact id: '789089c8358c1180145205faf9aeb8b6') in 0.201939 seconds
Number of updated asset objects reloaded before import = 0
Number of asset objects unloaded after import = 1
========================================================================
Received Import Request.
  Time since last request: 0.000093 seconds.
  path: Assets/ScifiOfficeLite/Meshes/Materials/Walls/Wall Set 2.mat
  artifactKey: Guid(d5cc09dab19ed284995c560c17d04f6d) Importer(2089858483,0ecaa5967403d082aa24f35e1b516d23)
Start importing Assets/ScifiOfficeLite/Meshes/Materials/Walls/Wall Set 2.mat using Guid(d5cc09dab19ed284995c560c17d04f6d) Importer(2089858483,0ecaa5967403d082aa24f35e1b516d23) Generated GUIDs only implemented for interfaces!
 -> (artifact id: '979ae470d6271f35f60deac4a55ee5f7') in 0.555432 seconds
Number of updated asset objects reloaded before import = 0
Number of asset objects unloaded after import = 5
========================================================================
Received Import Request.
  Time since last request: 0.000154 seconds.
  path: Assets/ScifiOfficeLite/Meshes/Textures/Environment/Lights
  artifactKey: Guid(e8c0c129c8393ff4fa384653205ff904) Importer(2089858483,0ecaa5967403d082aa24f35e1b516d23)
Start importing Assets/ScifiOfficeLite/Meshes/Textures/Environment/Lights using Guid(e8c0c129c8393ff4fa384653205ff904) Importer(2089858483,0ecaa5967403d082aa24f35e1b516d23) Generated GUIDs only implemented for interfaces!
 -> (artifact id: '95b490d4a6741a206654d000258535d1') in 0.085524 seconds
Number of updated asset objects reloaded before import = 0
Number of asset objects unloaded after import = 1
========================================================================
Received Import Request.
  Time since last request: 0.000065 seconds.
  path: Assets/ScifiOfficeLite/Meshes/Textures/Environment/Ground
  artifactKey: Guid(29cc3f6412ad79f4c85cb4da48a86fd6) Importer(2089858483,0ecaa5967403d082aa24f35e1b516d23)
Start importing Assets/ScifiOfficeLite/Meshes/Textures/Environment/Ground using Guid(29cc3f6412ad79f4c85cb4da48a86fd6) Importer(2089858483,0ecaa5967403d082aa24f35e1b516d23) Generated GUIDs only implemented for interfaces!
 -> (artifact id: '9d26677896a57511d7fbbe43181a0db3') in 0.060898 seconds
Number of updated asset objects reloaded before import = 0
Number of asset objects unloaded after import = 1
========================================================================
Received Import Request.
  Time since last request: 0.000293 seconds.
  path: Assets/ScifiOfficeLite/Meshes/Textures/Environment/Chair set/Chair Set _Maskmap.png
  artifactKey: Guid(f611f51936f9435478edbfe05dca2ae6) Importer(2089858483,0ecaa5967403d082aa24f35e1b516d23)
Start importing Assets/ScifiOfficeLite/Meshes/Textures/Environment/Chair set/Chair Set _Maskmap.png using Guid(f611f51936f9435478edbfe05dca2ae6) Importer(2089858483,0ecaa5967403d082aa24f35e1b516d23) Generated GUIDs only implemented for interfaces!
 -> (artifact id: '18c13dc8d2abb830c88c8e89b9bc87e5') in 0.174193 seconds
Number of updated asset objects reloaded before import = 0
Number of asset objects unloaded after import = 1
========================================================================
Received Import Request.
  Time since last request: 0.000245 seconds.
  path: Assets/ScifiOfficeLite/Prefabs/Tables/Table Set 1 Dark Oak.prefab
  artifactKey: Guid(45276250b71dd9f4488e3be0523a1e35) Importer(2089858483,0ecaa5967403d082aa24f35e1b516d23)
Start importing Assets/ScifiOfficeLite/Prefabs/Tables/Table Set 1 Dark Oak.prefab using Guid(45276250b71dd9f4488e3be0523a1e35) Importer(2089858483,0ecaa5967403d082aa24f35e1b516d23) Generated GUIDs only implemented for interfaces!
 -> (artifact id: '494072f16805507b88bda1000bb4a0b6') in 0.113108 seconds
Number of updated asset objects reloaded before import = 0
Number of asset objects unloaded after import = 67
========================================================================
Received Import Request.
  Time since last request: 0.000055 seconds.
  path: Assets/ScifiOfficeLite/Prefabs/Carpets and Floors/20m Epoxy Ground.prefab
  artifactKey: Guid(7ff30c7e7a931fa4abaacbcf858e20a1) Importer(815301076,1909f56bfc062723c751e8b465ee728b)
Start importing Assets/ScifiOfficeLite/Prefabs/Carpets and Floors/20m Epoxy Ground.prefab using Guid(7ff30c7e7a931fa4abaacbcf858e20a1) Importer(815301076,1909f56bfc062723c751e8b465ee728b)  -> (artifact id: '18382850055555de83d8222be3518691') in 4.556328 seconds
Number of updated asset objects reloaded before import = 0
Number of asset objects unloaded after import = 12
========================================================================
Received Import Request.
  Time since last request: 0.000088 seconds.
  path: Assets/ScifiOfficeLite/Meshes/Textures/Environment/Ground/Carpet/Carpet 2_Height.png
  artifactKey: Guid(d1046898117c80b4eaa921847b7a6331) Importer(2089858483,0ecaa5967403d082aa24f35e1b516d23)
Start importing Assets/ScifiOfficeLite/Meshes/Textures/Environment/Ground/Carpet/Carpet 2_Height.png using Guid(d1046898117c80b4eaa921847b7a6331) Importer(2089858483,0ecaa5967403d082aa24f35e1b516d23) Generated GUIDs only implemented for interfaces!
 -> (artifact id: 'f37a8ba0eb1ca67cabeafb74d0821e9b') in 0.189024 seconds
Number of updated asset objects reloaded before import = 0
Number of asset objects unloaded after import = 1
========================================================================
Received Import Request.
  Time since last request: 0.000104 seconds.
  path: Assets/ScifiOfficeLite/Meshes/Textures/Environment/Table texture set/Vase/vase_grey_MetallicSmoothness.png
  artifactKey: Guid(df0c825182ab08a43af8a73b9269d7f0) Importer(2089858483,0ecaa5967403d082aa24f35e1b516d23)
Start importing Assets/ScifiOfficeLite/Meshes/Textures/Environment/Table texture set/Vase/vase_grey_MetallicSmoothness.png using Guid(df0c825182ab08a43af8a73b9269d7f0) Importer(2089858483,0ecaa5967403d082aa24f35e1b516d23) Generated GUIDs only implemented for interfaces!
 -> (artifact id: 'f7254109de275b1fd1f938b71d97232c') in 0.110959 seconds
Number of updated asset objects reloaded before import = 0
Number of asset objects unloaded after import = 1
========================================================================
Received Import Request.
  Time since last request: 0.000192 seconds.
  path: Assets/ScifiOfficeLite/Prefabs/Shelf with Crates.prefab
  artifactKey: Guid(f355da60777d10946920a8b633e6b316) Importer(2089858483,0ecaa5967403d082aa24f35e1b516d23)
Start importing Assets/ScifiOfficeLite/Prefabs/Shelf with Crates.prefab using Guid(f355da60777d10946920a8b633e6b316) Importer(2089858483,0ecaa5967403d082aa24f35e1b516d23) Generated GUIDs only implemented for interfaces!
 -> (artifact id: 'd1d41cbf3711c015a29d6833806ece60') in 0.096331 seconds
Number of updated asset objects reloaded before import = 0
Number of asset objects unloaded after import = 46
========================================================================
Received Import Request.
  Time since last request: 0.000060 seconds.
  path: Assets/ScifiOfficeLite/Prefabs/Wall/Wall Window Set 10.prefab
  artifactKey: Guid(4ab19bfbeb9048a45a44b9ce3847f750) Importer(2089858483,0ecaa5967403d082aa24f35e1b516d23)
Start importing Assets/ScifiOfficeLite/Prefabs/Wall/Wall Window Set 10.prefab using Guid(4ab19bfbeb9048a45a44b9ce3847f750) Importer(2089858483,0ecaa5967403d082aa24f35e1b516d23) Generated GUIDs only implemented for interfaces!
 -> (artifact id: '4d4f31a0b0d20bd07cf84d145d985a8b') in 0.110459 seconds
Number of updated asset objects reloaded before import = 0
Number of asset objects unloaded after import = 30
========================================================================
Received Import Request.
  Time since last request: 0.000095 seconds.
  path: Assets/ScifiOfficeLite/Scene/Demo/Lightmap-0_comp_shadowmask.png
  artifactKey: Guid(dafbb33ff9aa98f45aea50842b0092b5) Importer(2089858483,0ecaa5967403d082aa24f35e1b516d23)
Start importing Assets/ScifiOfficeLite/Scene/Demo/Lightmap-0_comp_shadowmask.png using Guid(dafbb33ff9aa98f45aea50842b0092b5) Importer(2089858483,0ecaa5967403d082aa24f35e1b516d23) Generated GUIDs only implemented for interfaces!
 -> (artifact id: '03455c94d4e4dd4030267048767ae371') in 0.149088 seconds
Number of updated asset objects reloaded before import = 0
Number of asset objects unloaded after import = 1
========================================================================
Received Import Request.
  Time since last request: 0.000062 seconds.
  path: Assets/ScifiOfficeLite/Meshes/Textures/Interactables and Doors
  artifactKey: Guid(5a2a8be16af3d7047a072159f18598f4) Importer(2089858483,0ecaa5967403d082aa24f35e1b516d23)
Start importing Assets/ScifiOfficeLite/Meshes/Textures/Interactables and Doors using Guid(5a2a8be16af3d7047a072159f18598f4) Importer(2089858483,0ecaa5967403d082aa24f35e1b516d23) Generated GUIDs only implemented for interfaces!
 -> (artifact id: 'eb2ec2d000796938fc8723f778648e0f') in 0.034622 seconds
Number of updated asset objects reloaded before import = 0
Number of asset objects unloaded after import = 1
========================================================================
Received Import Request.
  Time since last request: 0.000145 seconds.
  path: Assets/ScifiOfficeLite/Scene/Demo/Lightmap-2_comp_light.exr
  artifactKey: Guid(f99962964a4542d43b9027e1c10b4171) Importer(2089858483,0ecaa5967403d082aa24f35e1b516d23)
Start importing Assets/ScifiOfficeLite/Scene/Demo/Lightmap-2_comp_light.exr using Guid(f99962964a4542d43b9027e1c10b4171) Importer(2089858483,0ecaa5967403d082aa24f35e1b516d23) Generated GUIDs only implemented for interfaces!
 -> (artifact id: '8a6c0fa93e2b96b00c38bff91c730d62') in 0.138491 seconds
Number of updated asset objects reloaded before import = 0
Number of asset objects unloaded after import = 1
========================================================================
Received Import Request.
  Time since last request: 0.001018 seconds.
  path: Assets/ScifiOfficeLite/Prefabs/Carpets and Floors/Carpet 5.prefab
  artifactKey: Guid(bc567933eeb3fc84987a3b0a2c87f78e) Importer(815301076,1909f56bfc062723c751e8b465ee728b)
Start importing Assets/ScifiOfficeLite/Prefabs/Carpets and Floors/Carpet 5.prefab using Guid(bc567933eeb3fc84987a3b0a2c87f78e) Importer(815301076,1909f56bfc062723c751e8b465ee728b)  -> (artifact id: '66e723db621564e892fd028e8d22cc9a') in 2.172456 seconds
Number of updated asset objects reloaded before import = 0
Number of asset objects unloaded after import = 14
========================================================================
Received Import Request.
  Time since last request: 0.000074 seconds.
  path: Assets/ScifiOfficeLite/Scene/Demo/LightingData.asset
  artifactKey: Guid(7d1e882f91164dd498bdf38c0f6d9ec1) Importer(2089858483,0ecaa5967403d082aa24f35e1b516d23)
Start importing Assets/ScifiOfficeLite/Scene/Demo/LightingData.asset using Guid(7d1e882f91164dd498bdf38c0f6d9ec1) Importer(2089858483,0ecaa5967403d082aa24f35e1b516d23) Generated GUIDs only implemented for interfaces!
 -> (artifact id: 'a0c767fc7c59bcf60e333ce748c14b23') in 0.649916 seconds
Number of updated asset objects reloaded before import = 0
Number of asset objects unloaded after import = 2
========================================================================
Received Import Request.
  Time since last request: 0.000124 seconds.
  path: Assets/ScifiOfficeLite/Meshes/Textures/Environment/Table texture set/Vase/vase_grey_Normal.png
  artifactKey: Guid(fa0e2995fd47bf546b101657db6732a2) Importer(2089858483,0ecaa5967403d082aa24f35e1b516d23)
Start importing Assets/ScifiOfficeLite/Meshes/Textures/Environment/Table texture set/Vase/vase_grey_Normal.png using Guid(fa0e2995fd47bf546b101657db6732a2) Importer(2089858483,0ecaa5967403d082aa24f35e1b516d23) Generated GUIDs only implemented for interfaces!
 -> (artifact id: 'a440dc10595ca050ddba3b10686c0666') in 0.206411 seconds
Number of updated asset objects reloaded before import = 0
Number of asset objects unloaded after import = 1
========================================================================
Received Import Request.
  Time since last request: 0.003803 seconds.
  path: Assets/ScifiOfficeLite/Meshes/Textures/Environment/Ground/Concrete Floor/Concrete Floor Polished Roughness.tif
  artifactKey: Guid(e19345199d4a0964bb66cec7a1ff0908) Importer(2089858483,0ecaa5967403d082aa24f35e1b516d23)
Start importing Assets/ScifiOfficeLite/Meshes/Textures/Environment/Ground/Concrete Floor/Concrete Floor Polished Roughness.tif using Guid(e19345199d4a0964bb66cec7a1ff0908) Importer(2089858483,0ecaa5967403d082aa24f35e1b516d23) Generated GUIDs only implemented for interfaces!
 -> (artifact id: '43acee5d1ab586f8b080715362ffcfdf') in 0.304406 seconds
Number of updated asset objects reloaded before import = 0
Number of asset objects unloaded after import = 1
========================================================================
Received Import Request.
  Time since last request: 0.000116 seconds.
  path: Assets/ScifiOfficeLite/Meshes/Textures/Environment/Table texture set/Table Set Glass
  artifactKey: Guid(c0204627707595246b8b8364515078f9) Importer(2089858483,0ecaa5967403d082aa24f35e1b516d23)
Start importing Assets/ScifiOfficeLite/Meshes/Textures/Environment/Table texture set/Table Set Glass using Guid(c0204627707595246b8b8364515078f9) Importer(2089858483,0ecaa5967403d082aa24f35e1b516d23) Generated GUIDs only implemented for interfaces!
 -> (artifact id: '70437740a61e3342588d29b7ed99ec41') in 0.118860 seconds
Number of updated asset objects reloaded before import = 0
Number of asset objects unloaded after import = 1
========================================================================
Received Import Request.
  Time since last request: 0.002790 seconds.
  path: Assets/ScifiOfficeLite/Meshes/Textures/Environment/Ground/Carpet/Carpet 2_Diffuse.png
  artifactKey: Guid(80f847752e3194946af0a46d9247c0b8) Importer(2089858483,0ecaa5967403d082aa24f35e1b516d23)
Start importing Assets/ScifiOfficeLite/Meshes/Textures/Environment/Ground/Carpet/Carpet 2_Diffuse.png using Guid(80f847752e3194946af0a46d9247c0b8) Importer(2089858483,0ecaa5967403d082aa24f35e1b516d23) Generated GUIDs only implemented for interfaces!
 -> (artifact id: 'fbbf46b02b620a0c5787ef51a5871304') in 0.204903 seconds
Number of updated asset objects reloaded before import = 0
Number of asset objects unloaded after import = 1
========================================================================
Received Import Request.
  Time since last request: 0.365675 seconds.
  path: Assets/ScifiOfficeLite/Prefabs/Lighting/Ceiling Lights/2D
  artifactKey: Guid(a966283a628910941b403a29a841155e) Importer(815301076,1909f56bfc062723c751e8b465ee728b)
Start importing Assets/ScifiOfficeLite/Prefabs/Lighting/Ceiling Lights/2D using Guid(a966283a628910941b403a29a841155e) Importer(815301076,1909f56bfc062723c751e8b465ee728b)  -> (artifact id: '4d727c17e0d59841be6ff655c07b17b5') in 0.002652 seconds
Number of updated asset objects reloaded before import = 0
Number of asset objects unloaded after import = 0
Editor requested this worker to shutdown with reason: Scaling down because of idle timeout
TcpMessagingSession - receive error: operation aborted. errorcode: 995, details: The I/O operation has been aborted because of either a thread exit or an application request.
AssetImportWorker is now disconnected from the server
Process exiting
Exiting without the bug reporter. Application will terminate with return code 0