Using pre-set license
Built from '2022.3/staging' branch; Version is '2022.3.17f1 (4fc78088f837) revision 5228416'; Using compiler version '192829333'; Build Type 'Release'
OS: 'Windows 11  (10.0.22631) 64bit Professional' Language: 'en' Physical Memory: 16221 MB
BatchMode: 1, IsHumanControllingUs: 0, StartBugReporterOnCrash: 0, Is64bit: 1, IsPro: 1

COMMAND LINE ARGUMENTS:
C:\Program Files\Unity 2022.3.17f1\Editor\Unity.exe
-adb2
-batchMode
-noUpm
-name
AssetImportWorker4
-projectPath
D:/FinalEscapeRoom
-logFile
Logs/AssetImportWorker4.log
-srvPort
56229
Successfully changed project path to: D:/FinalEscapeRoom
D:/FinalEscapeRoom
[UnityMemory] Configuration Parameters - Can be set up in boot.config
    "memorysetup-bucket-allocator-granularity=16"
    "memorysetup-bucket-allocator-bucket-count=8"
    "memorysetup-bucket-allocator-block-size=33554432"
    "memorysetup-bucket-allocator-block-count=8"
    "memorysetup-main-allocator-block-size=16777216"
    "memorysetup-thread-allocator-block-size=16777216"
    "memorysetup-gfx-main-allocator-block-size=16777216"
    "memorysetup-gfx-thread-allocator-block-size=16777216"
    "memorysetup-cache-allocator-block-size=4194304"
    "memorysetup-typetree-allocator-block-size=2097152"
    "memorysetup-profiler-bucket-allocator-granularity=16"
    "memorysetup-profiler-bucket-allocator-bucket-count=8"
    "memorysetup-profiler-bucket-allocator-block-size=33554432"
    "memorysetup-profiler-bucket-allocator-block-count=8"
    "memorysetup-profiler-allocator-block-size=16777216"
    "memorysetup-profiler-editor-allocator-block-size=1048576"
    "memorysetup-temp-allocator-size-main=16777216"
    "memorysetup-job-temp-allocator-block-size=2097152"
    "memorysetup-job-temp-allocator-block-size-background=1048576"
    "memorysetup-job-temp-allocator-reduction-small-platforms=262144"
    "memorysetup-allocator-temp-initial-block-size-main=262144"
    "memorysetup-allocator-temp-initial-block-size-worker=262144"
    "memorysetup-temp-allocator-size-background-worker=32768"
    "memorysetup-temp-allocator-size-job-worker=262144"
    "memorysetup-temp-allocator-size-preload-manager=33554432"
    "memorysetup-temp-allocator-size-nav-mesh-worker=65536"
    "memorysetup-temp-allocator-size-audio-worker=65536"
    "memorysetup-temp-allocator-size-cloud-worker=32768"
    "memorysetup-temp-allocator-size-gi-baking-worker=262144"
    "memorysetup-temp-allocator-size-gfx=262144"
Player connection [31512] Host "[IP] 192.168.1.4 [Port] 0 [Flags] 2 [Guid] 3615858266 [EditorId] 3615858266 [Version] 1048832 [Id] WindowsEditor(7,WIN-TKIPOIE4PIJ) [Debug] 1 [PackageName] WindowsEditor [ProjectName] Editor" joined multi-casting on [225.0.0.222:54997]...

Player connection [31512] Host "[IP] 192.168.1.4 [Port] 0 [Flags] 2 [Guid] 3615858266 [EditorId] 3615858266 [Version] 1048832 [Id] WindowsEditor(7,WIN-TKIPOIE4PIJ) [Debug] 1 [PackageName] WindowsEditor [ProjectName] Editor" joined alternative multi-casting on [225.0.0.222:34997]...

[Physics::Module] Initialized MultithreadedJobDispatcher with 11 workers.
Refreshing native plugins compatible for Editor in 127.05 ms, found 13 plugins.
Preloading 1 native plugins for Editor in 2.63 ms.
Initialize engine version: 2022.3.17f1 (4fc78088f837)
[Subsystems] Discovering subsystems at path C:/Program Files/Unity 2022.3.17f1/Editor/Data/Resources/UnitySubsystems
[Subsystems] Discovering subsystems at path D:/FinalEscapeRoom/Assets
GfxDevice: creating device client; threaded=0; jobified=0
Direct3D:
    Version:  Direct3D 11.0 [level 11.1]
    Renderer: NVIDIA GeForce RTX 2060 (ID=0x1f15)
    Vendor:   NVIDIA
    VRAM:     5980 MB
    Driver:   27.21.14.5167
Initialize mono
Mono path[0] = 'C:/Program Files/Unity 2022.3.17f1/Editor/Data/Managed'
Mono path[1] = 'C:/Program Files/Unity 2022.3.17f1/Editor/Data/MonoBleedingEdge/lib/mono/unityjit-win32'
Mono config path = 'C:/Program Files/Unity 2022.3.17f1/Editor/Data/MonoBleedingEdge/etc'
Using monoOptions --debugger-agent=transport=dt_socket,embedding=1,server=y,suspend=n,address=127.0.0.1:56380
Begin MonoManager ReloadAssembly
Registering precompiled unity dll's ...
Register platform support module: C:/Program Files/Unity 2022.3.17f1/Editor/Data/PlaybackEngines/AndroidPlayer/UnityEditor.Android.Extensions.dll
Register platform support module: C:/Program Files/Unity 2022.3.17f1/Editor/Data/PlaybackEngines/WindowsStandaloneSupport/UnityEditor.WindowsStandalone.Extensions.dll
Registered in 0.171523 seconds.
- Loaded All Assemblies, in  4.789 seconds
Native extension for WindowsStandalone target not found
Native extension for Android target not found
Mono: successfully reloaded assembly
- Finished resetting the current domain, in  4.718 seconds
Domain Reload Profiling: 9508ms
	BeginReloadAssembly (890ms)
		ExecutionOrderSort (0ms)
		DisableScriptedObjects (0ms)
		BackupInstance (0ms)
		ReleaseScriptingObjects (0ms)
		CreateAndSetChildDomain (7ms)
	RebuildCommonClasses (464ms)
	RebuildNativeTypeToScriptingClass (107ms)
	initialDomainReloadingComplete (723ms)
	LoadAllAssembliesAndSetupDomain (2602ms)
		LoadAssemblies (875ms)
		RebuildTransferFunctionScriptingTraits (0ms)
		AnalyzeDomain (2560ms)
			TypeCache.Refresh (2512ms)
				TypeCache.ScanAssembly (2193ms)
			ScanForSourceGeneratedMonoScriptInfo (18ms)
			ResolveRequiredComponents (12ms)
	FinalizeReload (4722ms)
		ReleaseScriptCaches (0ms)
		RebuildScriptCaches (0ms)
		SetupLoadedEditorAssemblies (4004ms)
			LogAssemblyErrors (0ms)
			InitializePlatformSupportModulesInManaged (1413ms)
			SetLoadedEditorAssemblies (77ms)
			RefreshPlugins (0ms)
			BeforeProcessingInitializeOnLoad (25ms)
			ProcessInitializeOnLoadAttributes (1795ms)
			ProcessInitializeOnLoadMethodAttributes (692ms)
			AfterProcessingInitializeOnLoad (0ms)
			EditorAssembliesLoaded (1ms)
		ExecutionOrderSort2 (0ms)
		AwakeInstancesAfterBackupRestoration (0ms)
========================================================================
Worker process is ready to serve import requests
Begin MonoManager ReloadAssembly
- Loaded All Assemblies, in  6.245 seconds
Refreshing native plugins compatible for Editor in 82.79 ms, found 13 plugins.
Native extension for WindowsStandalone target not found
Native extension for Android target not found
Package Manager log level set to [2]
[Package Manager] Server::EnsureServerProcessIsRunning -- launch failed, reason: Unity was launched with the -noUpm command-line argument
[Package Manager] UpmClient::Send -- Unable to send message (not connected to UPM process).
[Package Manager] Cannot connect to Unity Package Manager local server
[Package Manager] Server::EnsureServerProcessIsRunning -- launch failed, reason: Unity was launched with the -noUpm command-line argument
[Package Manager] UpmClient::Send -- Unable to send message (not connected to UPM process).
[Package Manager] Cannot connect to Unity Package Manager local server
System.Reflection.TargetInvocationException: Exception has been thrown by the target of an invocation. ---> System.NullReferenceException: Object reference not set to an instance of an object
  at Unity.XR.Oculus.OculusLoader.AssetPathToAbsolutePath (System.String assetPath) [0x0003d] in .\Library\PackageCache\com.unity.xr.oculus@4.1.2\Runtime\OculusLoader.cs:287 
  at Unity.XR.Oculus.OculusLoader.EditorLoadOVRPlugin () [0x00084] in .\Library\PackageCache\com.unity.xr.oculus@4.1.2\Runtime\OculusLoader.cs:272 
  at (wrapper managed-to-native) System.Reflection.RuntimeMethodInfo.InternalInvoke(System.Reflection.RuntimeMethodInfo,object,object[],System.Exception&)
  at System.Reflection.RuntimeMethodInfo.Invoke (System.Object obj, System.Reflection.BindingFlags invokeAttr, System.Reflection.Binder binder, System.Object[] parameters, System.Globalization.CultureInfo culture) [0x0006a] in <17d9ce77f27a4bd2afb5ba32c9bea976>:0 
   --- End of inner exception stack trace ---
  at System.Reflection.RuntimeMethodInfo.Invoke (System.Object obj, System.Reflection.BindingFlags invokeAttr, System.Reflection.Binder binder, System.Object[] parameters, System.Globalization.CultureInfo culture) [0x00083] in <17d9ce77f27a4bd2afb5ba32c9bea976>:0 
  at System.Reflection.MethodBase.Invoke (System.Object obj, System.Object[] parameters) [0x00000] in <17d9ce77f27a4bd2afb5ba32c9bea976>:0 
  at UnityEditor.EditorAssemblies.ProcessInitializeOnLoadMethodAttributes () [0x000a5] in <5e6ebaa7d75c4d5399dc81ecead6b43f>:0 
UnityEngine.StackTraceUtility:ExtractStackTrace ()
UnityEngine.DebugLogHandler:LogFormat (UnityEngine.LogType,UnityEngine.Object,string,object[])
UnityEngine.Logger:Log (UnityEngine.LogType,object)
UnityEngine.Debug:LogError (object)
UnityEditor.EditorAssemblies:ProcessInitializeOnLoadMethodAttributes ()

Mono: successfully reloaded assembly
[Package Manager] Server::EnsureServerProcessIsRunning -- launch failed, reason: Unity was launched with the -noUpm command-line argument
[Package Manager] UpmClient::Send -- Unable to send message (not connected to UPM process).
[Package Manager] Cannot connect to Unity Package Manager local server
[Package Manager] Server::EnsureServerProcessIsRunning -- launch failed, reason: Unity was launched with the -noUpm command-line argument
[Package Manager] UpmClient::Send -- Unable to send message (not connected to UPM process).
[Package Manager] Cannot connect to Unity Package Manager local server
- Finished resetting the current domain, in  9.236 seconds
Domain Reload Profiling: 15473ms
	BeginReloadAssembly (1001ms)
		ExecutionOrderSort (0ms)
		DisableScriptedObjects (33ms)
		BackupInstance (0ms)
		ReleaseScriptingObjects (1ms)
		CreateAndSetChildDomain (84ms)
	RebuildCommonClasses (196ms)
	RebuildNativeTypeToScriptingClass (70ms)
	initialDomainReloadingComplete (238ms)
	LoadAllAssembliesAndSetupDomain (4727ms)
		LoadAssemblies (1907ms)
		RebuildTransferFunctionScriptingTraits (0ms)
		AnalyzeDomain (3533ms)
			TypeCache.Refresh (2997ms)
				TypeCache.ScanAssembly (2817ms)
			ScanForSourceGeneratedMonoScriptInfo (320ms)
			ResolveRequiredComponents (201ms)
	FinalizeReload (9240ms)
		ReleaseScriptCaches (0ms)
		RebuildScriptCaches (0ms)
		SetupLoadedEditorAssemblies (6893ms)
			LogAssemblyErrors (0ms)
			InitializePlatformSupportModulesInManaged (139ms)
			SetLoadedEditorAssemblies (27ms)
			RefreshPlugins (0ms)
			BeforeProcessingInitializeOnLoad (982ms)
			ProcessInitializeOnLoadAttributes (4369ms)
			ProcessInitializeOnLoadMethodAttributes (1310ms)
			AfterProcessingInitializeOnLoad (65ms)
			EditorAssembliesLoaded (2ms)
		ExecutionOrderSort2 (0ms)
		AwakeInstancesAfterBackupRestoration (75ms)
Launched and connected shader compiler UnityShaderCompiler.exe after 0.70 seconds
Refreshing native plugins compatible for Editor in 2403.23 ms, found 13 plugins.
Preloading 1 native plugins for Editor in 0.44 ms.
Unloading 6870 Unused Serialized files (Serialized files now loaded: 0)
Unloading 128 unused Assets / (1.9 MB). Loaded Objects now: 7355.
Memory consumption went from 260.5 MB to 258.7 MB.
Total: 27.057400 ms (FindLiveObjects: 1.818300 ms CreateObjectMapping: 2.052800 ms MarkObjects: 19.986100 ms  DeleteObjects: 3.195600 ms)

AssetImportParameters requested are different than current active one (requested -> active):
  custom:container-demuxer-ogg: 62fdf1f143b41e24485cea50d1cbac27 -> 
  custom:framework-win-MediaFoundation: 216162199b28c13a410421893ffa2e32 -> 
  custom:container-muxer-webm: aa71ff27fc2769a1b78a27578f13a17b -> 
  custom:video-decoder-webm-vp8: 9c59270c3fd7afecdb556c50c9e8de78 -> 
  custom:SearchIndexIgnoredProperties: e643bd26f0fe6173181afceb89e7c659 -> 
  custom:AudioImporter_EditorPlatform: d09bf68614088b80899f8185d706f6e7 -> 
  custom:audio-decoder-ogg-vorbis: bf7c407c2cedff20999df2af8eb42d56 -> 
  custom:audio-encoder-webm-vorbis: bf7c407c2cedff20999df2af8eb42d56 -> 
  custom:video-codec-MediaFoundation-h265: 746d11721c4dcdbdad8f713fa42b33f4 -> 
  custom:video-decoder-ogg-theora: a1e56fd34408186e4bbccfd4996cb3dc -> 
  custom:CustomObjectIndexerAttribute: 62b5816608c3102f162a1797e29626cf -> 
  custom:container-demuxer-webm: 4f35f7cbe854078d1ac9338744f61a02 -> 
  custom:video-encoder-webm-vp8: eb34c28f22e8b96e1ab97ce403110664 -> 
  custom:scripting/monoscript/fileName/ObjectController.cs: d1ef489e23b74c889e186881c1a9f528 -> 
========================================================================
Received Import Request.
  Time since last request: 1784942.359853 seconds.
  path: Assets/ScifiOfficeLite/Meshes/Walls/Wall 4.FBX
  artifactKey: Guid(01e56f6e47b405e4689821759816baf0) Importer(2089858483,0ecaa5967403d082aa24f35e1b516d23)
Start importing Assets/ScifiOfficeLite/Meshes/Walls/Wall 4.FBX using Guid(01e56f6e47b405e4689821759816baf0) Importer(2089858483,0ecaa5967403d082aa24f35e1b516d23) Generated GUIDs only implemented for interfaces!
 -> (artifact id: '130381b47b97e5487549da08652d6de5') in 2.145352 seconds
Number of updated asset objects reloaded before import = 0
Number of asset objects unloaded after import = 7
========================================================================
Received Import Request.
  Time since last request: 0.000141 seconds.
  path: Assets/ScifiOfficeLite/Prefabs/Lighting
  artifactKey: Guid(b876242c9588755499b2edb9d2ff2381) Importer(2089858483,0ecaa5967403d082aa24f35e1b516d23)
Start importing Assets/ScifiOfficeLite/Prefabs/Lighting using Guid(b876242c9588755499b2edb9d2ff2381) Importer(2089858483,0ecaa5967403d082aa24f35e1b516d23) Generated GUIDs only implemented for interfaces!
 -> (artifact id: 'e6bc0a359c60724da50bec93f35ab2a7') in 0.049033 seconds
Number of updated asset objects reloaded before import = 0
Number of asset objects unloaded after import = 1
========================================================================
Received Import Request.
  Time since last request: 0.000188 seconds.
  path: Assets/ScifiOfficeLite/Meshes/Office Interior/Chairs/office chair.FBX
  artifactKey: Guid(d466e2eae95ed804f85f00b0924ee018) Importer(2089858483,0ecaa5967403d082aa24f35e1b516d23)
Start importing Assets/ScifiOfficeLite/Meshes/Office Interior/Chairs/office chair.FBX using Guid(d466e2eae95ed804f85f00b0924ee018) Importer(2089858483,0ecaa5967403d082aa24f35e1b516d23) Generated GUIDs only implemented for interfaces!
 -> (artifact id: 'c4b85b192513cecdd6719731752ad8c7') in 0.513471 seconds
Number of updated asset objects reloaded before import = 0
Number of asset objects unloaded after import = 9
========================================================================
Received Import Request.
  Time since last request: 0.000106 seconds.
  path: Assets/ScifiOfficeLite/Prefabs/Tech Accessories
  artifactKey: Guid(471d7a51e48b6f444809f36497e0ba67) Importer(2089858483,0ecaa5967403d082aa24f35e1b516d23)
Start importing Assets/ScifiOfficeLite/Prefabs/Tech Accessories using Guid(471d7a51e48b6f444809f36497e0ba67) Importer(2089858483,0ecaa5967403d082aa24f35e1b516d23) Generated GUIDs only implemented for interfaces!
 -> (artifact id: '5ad11205abd7163a464d6a9d69bdc840') in 0.065000 seconds
Number of updated asset objects reloaded before import = 0
Number of asset objects unloaded after import = 1
========================================================================
Received Import Request.
  Time since last request: 0.000594 seconds.
  path: Assets/ScifiOfficeLite/Meshes
  artifactKey: Guid(092d6f8b6c1f1724998ada95645b18e7) Importer(2089858483,0ecaa5967403d082aa24f35e1b516d23)
Start importing Assets/ScifiOfficeLite/Meshes using Guid(092d6f8b6c1f1724998ada95645b18e7) Importer(2089858483,0ecaa5967403d082aa24f35e1b516d23) Generated GUIDs only implemented for interfaces!
 -> (artifact id: 'b47c51752c81384b8996fbb2bfda6b1c') in 0.052172 seconds
Number of updated asset objects reloaded before import = 0
Number of asset objects unloaded after import = 1
========================================================================
Received Import Request.
  Time since last request: 0.000069 seconds.
  path: Assets/ScifiOfficeLite/Meshes/Walls/Wall 2 Half.FBX
  artifactKey: Guid(2506e085753a9db4fbe8479c1d42a7c5) Importer(2089858483,0ecaa5967403d082aa24f35e1b516d23)
Start importing Assets/ScifiOfficeLite/Meshes/Walls/Wall 2 Half.FBX using Guid(2506e085753a9db4fbe8479c1d42a7c5) Importer(2089858483,0ecaa5967403d082aa24f35e1b516d23) Generated GUIDs only implemented for interfaces!
 -> (artifact id: 'f669ee7f7f51820dae5a976b68d13547') in 0.287482 seconds
Number of updated asset objects reloaded before import = 0
Number of asset objects unloaded after import = 7
========================================================================
Received Import Request.
  Time since last request: 0.000062 seconds.
  path: Assets/ScifiOfficeLite/Meshes/Office Interior/Vase.fbx
  artifactKey: Guid(3e37f6d84a91a56469b2a29089adff20) Importer(2089858483,0ecaa5967403d082aa24f35e1b516d23)
Start importing Assets/ScifiOfficeLite/Meshes/Office Interior/Vase.fbx using Guid(3e37f6d84a91a56469b2a29089adff20) Importer(2089858483,0ecaa5967403d082aa24f35e1b516d23) Generated GUIDs only implemented for interfaces!
 -> (artifact id: 'c692802b5d1545f9ff2a82723ac9d9bc') in 0.323257 seconds
Number of updated asset objects reloaded before import = 0
Number of asset objects unloaded after import = 7
========================================================================
Received Import Request.
  Time since last request: 0.001217 seconds.
  path: Assets/ScifiOfficeLite/Meshes/Materials/Techware
  artifactKey: Guid(de7e176360f5d3f46939fe24decf56eb) Importer(2089858483,0ecaa5967403d082aa24f35e1b516d23)
Start importing Assets/ScifiOfficeLite/Meshes/Materials/Techware using Guid(de7e176360f5d3f46939fe24decf56eb) Importer(2089858483,0ecaa5967403d082aa24f35e1b516d23) Generated GUIDs only implemented for interfaces!
 -> (artifact id: '59c6c9649f50075786ea8400a7065bfd') in 0.083348 seconds
Number of updated asset objects reloaded before import = 0
Number of asset objects unloaded after import = 1
========================================================================
Received Import Request.
  Time since last request: 0.000310 seconds.
  path: Assets/ScifiOfficeLite/Meshes/Materials/Table Texture Set/Vase.mat
  artifactKey: Guid(045239b74499fce4fb282786f8c10c15) Importer(2089858483,0ecaa5967403d082aa24f35e1b516d23)
Start importing Assets/ScifiOfficeLite/Meshes/Materials/Table Texture Set/Vase.mat using Guid(045239b74499fce4fb282786f8c10c15) Importer(2089858483,0ecaa5967403d082aa24f35e1b516d23) Generated GUIDs only implemented for interfaces!
 -> (artifact id: '09e1b749279b3125949de5c08189ad12') in 0.373151 seconds
Number of updated asset objects reloaded before import = 0
Number of asset objects unloaded after import = 5
========================================================================
Received Import Request.
  Time since last request: 0.000109 seconds.
  path: Assets/ScifiOfficeLite/Meshes/Textures/Environment/Table texture set/Table Texture Set 5/Table texture set 5_Diffuse.png
  artifactKey: Guid(cdee4335cb3be3c4a8bf68e818113628) Importer(2089858483,0ecaa5967403d082aa24f35e1b516d23)
Start importing Assets/ScifiOfficeLite/Meshes/Textures/Environment/Table texture set/Table Texture Set 5/Table texture set 5_Diffuse.png using Guid(cdee4335cb3be3c4a8bf68e818113628) Importer(2089858483,0ecaa5967403d082aa24f35e1b516d23) Generated GUIDs only implemented for interfaces!
 -> (artifact id: '48aaa8ef8695e824babfd5baf4946620') in 0.660587 seconds
Number of updated asset objects reloaded before import = 0
Number of asset objects unloaded after import = 1
========================================================================
Received Import Request.
  Time since last request: 0.000726 seconds.
  path: Assets/ScifiOfficeLite/Meshes/Materials/Interactables and Doors/Server, Control, Security panel/Glass.mat
  artifactKey: Guid(a8110a263a9aa234690b7fdb5703417a) Importer(2089858483,0ecaa5967403d082aa24f35e1b516d23)
Start importing Assets/ScifiOfficeLite/Meshes/Materials/Interactables and Doors/Server, Control, Security panel/Glass.mat using Guid(a8110a263a9aa234690b7fdb5703417a) Importer(2089858483,0ecaa5967403d082aa24f35e1b516d23) Generated GUIDs only implemented for interfaces!
 -> (artifact id: 'fce86cbd6c2cf8c0e900d64f3ec87d18') in 0.182787 seconds
Number of updated asset objects reloaded before import = 0
Number of asset objects unloaded after import = 1
========================================================================
Received Import Request.
  Time since last request: 0.000223 seconds.
  path: Assets/ScifiOfficeLite/Meshes/Walls/Wall 2.FBX
  artifactKey: Guid(b30484f622ab5774f98c23785e2be964) Importer(2089858483,0ecaa5967403d082aa24f35e1b516d23)
Start importing Assets/ScifiOfficeLite/Meshes/Walls/Wall 2.FBX using Guid(b30484f622ab5774f98c23785e2be964) Importer(2089858483,0ecaa5967403d082aa24f35e1b516d23) Generated GUIDs only implemented for interfaces!
 -> (artifact id: '20ac1cb07870591edd52d7950388d554') in 0.257729 seconds
Number of updated asset objects reloaded before import = 0
Number of asset objects unloaded after import = 7
========================================================================
Received Import Request.
  Time since last request: 0.000125 seconds.
  path: Assets/ScifiOfficeLite/Prefabs/Tech Accessories/Mechanical arm 1 Variant.prefab
  artifactKey: Guid(eaf9a67de8e9dd640a36a34bbe5c59cd) Importer(2089858483,0ecaa5967403d082aa24f35e1b516d23)
Start importing Assets/ScifiOfficeLite/Prefabs/Tech Accessories/Mechanical arm 1 Variant.prefab using Guid(eaf9a67de8e9dd640a36a34bbe5c59cd) Importer(2089858483,0ecaa5967403d082aa24f35e1b516d23) Generated GUIDs only implemented for interfaces!
 -> (artifact id: '0fb5d732ddafa2ecceffb6ff1bd637d4') in 0.477717 seconds
Number of updated asset objects reloaded before import = 0
Number of asset objects unloaded after import = 258
========================================================================
Received Import Request.
  Time since last request: 0.000133 seconds.
  path: Assets/ScifiOfficeLite/Prefabs/Wall/Wall 2 Half Variant.prefab
  artifactKey: Guid(0e026c030e3c02240a8bf69002a807b2) Importer(2089858483,0ecaa5967403d082aa24f35e1b516d23)
Start importing Assets/ScifiOfficeLite/Prefabs/Wall/Wall 2 Half Variant.prefab using Guid(0e026c030e3c02240a8bf69002a807b2) Importer(2089858483,0ecaa5967403d082aa24f35e1b516d23) Generated GUIDs only implemented for interfaces!
 -> (artifact id: 'e626e3d4794dd2c8455c543660ede919') in 0.367974 seconds
Number of updated asset objects reloaded before import = 0
Number of asset objects unloaded after import = 21
========================================================================
Received Import Request.
  Time since last request: 0.000064 seconds.
  path: Assets/ScifiOfficeLite/Meshes/Textures/Environment/Table texture set/Table Texture Set 4/Table texture set 4_Normal.png
  artifactKey: Guid(c027d43eb0d92f74789368a43676fec4) Importer(2089858483,0ecaa5967403d082aa24f35e1b516d23)
Start importing Assets/ScifiOfficeLite/Meshes/Textures/Environment/Table texture set/Table Texture Set 4/Table texture set 4_Normal.png using Guid(c027d43eb0d92f74789368a43676fec4) Importer(2089858483,0ecaa5967403d082aa24f35e1b516d23) Generated GUIDs only implemented for interfaces!
 -> (artifact id: '9f2fe66f3ca9ad0126bbe882131de67a') in 0.326824 seconds
Number of updated asset objects reloaded before import = 0
Number of asset objects unloaded after import = 1
========================================================================
Received Import Request.
  Time since last request: 0.000396 seconds.
  path: Assets/ScifiOfficeLite/Meshes/Textures/Environment/Techware/Keyboard props texture/Keyboard Props_Diffuse.png
  artifactKey: Guid(6bca6da117a646144a04476fbc898b92) Importer(2089858483,0ecaa5967403d082aa24f35e1b516d23)
Start importing Assets/ScifiOfficeLite/Meshes/Textures/Environment/Techware/Keyboard props texture/Keyboard Props_Diffuse.png using Guid(6bca6da117a646144a04476fbc898b92) Importer(2089858483,0ecaa5967403d082aa24f35e1b516d23) Generated GUIDs only implemented for interfaces!
 -> (artifact id: 'b577f2907ce5da237892864129ed4b30') in 0.336926 seconds
Number of updated asset objects reloaded before import = 0
Number of asset objects unloaded after import = 1
========================================================================
Received Import Request.
  Time since last request: 0.000091 seconds.
  path: Assets/ScifiOfficeLite/Meshes/Textures/Environment/Table texture set/Table Props/tray_1001_AlbedoTransparency.png
  artifactKey: Guid(80f270783be6d7f48b3b83955102e13f) Importer(2089858483,0ecaa5967403d082aa24f35e1b516d23)
Start importing Assets/ScifiOfficeLite/Meshes/Textures/Environment/Table texture set/Table Props/tray_1001_AlbedoTransparency.png using Guid(80f270783be6d7f48b3b83955102e13f) Importer(2089858483,0ecaa5967403d082aa24f35e1b516d23) Generated GUIDs only implemented for interfaces!
 -> (artifact id: 'e51d08a4625817a29bd99baad0d29704') in 0.218128 seconds
Number of updated asset objects reloaded before import = 0
Number of asset objects unloaded after import = 1
========================================================================
Received Import Request.
  Time since last request: 0.000100 seconds.
  path: Assets/ScifiOfficeLite/Scripts/DemoFirstPersonController.cs
  artifactKey: Guid(1ecdae056ad6f954496b395d7469d96e) Importer(2089858483,0ecaa5967403d082aa24f35e1b516d23)
Start importing Assets/ScifiOfficeLite/Scripts/DemoFirstPersonController.cs using Guid(1ecdae056ad6f954496b395d7469d96e) Importer(2089858483,0ecaa5967403d082aa24f35e1b516d23) Generated GUIDs only implemented for interfaces!
 -> (artifact id: 'e4b3c6ea46f15a8c05bced475a46347d') in 0.136456 seconds
Number of updated asset objects reloaded before import = 0
Number of asset objects unloaded after import = 1
========================================================================
Received Import Request.
  Time since last request: 0.000137 seconds.
  path: Assets/ScifiOfficeLite/Meshes/Textures/Environment/Ground/Concrete Floor
  artifactKey: Guid(bb029fef9be3cb2459b57807a0a8e30c) Importer(2089858483,0ecaa5967403d082aa24f35e1b516d23)
Start importing Assets/ScifiOfficeLite/Meshes/Textures/Environment/Ground/Concrete Floor using Guid(bb029fef9be3cb2459b57807a0a8e30c) Importer(2089858483,0ecaa5967403d082aa24f35e1b516d23) Generated GUIDs only implemented for interfaces!
 -> (artifact id: '92dd3aa1d15c998bffb4337867008c75') in 0.070859 seconds
Number of updated asset objects reloaded before import = 0
Number of asset objects unloaded after import = 1
========================================================================
Received Import Request.
  Time since last request: 0.000381 seconds.
  path: Assets/ScifiOfficeLite/Scene/Demo/Lightmap-3_comp_shadowmask.png
  artifactKey: Guid(c4ee5dfe2feb7b64982263ef85870bc2) Importer(2089858483,0ecaa5967403d082aa24f35e1b516d23)
Start importing Assets/ScifiOfficeLite/Scene/Demo/Lightmap-3_comp_shadowmask.png using Guid(c4ee5dfe2feb7b64982263ef85870bc2) Importer(2089858483,0ecaa5967403d082aa24f35e1b516d23) Generated GUIDs only implemented for interfaces!
 -> (artifact id: '5f4816907364f57f14bd81597caa100f') in 0.359631 seconds
Number of updated asset objects reloaded before import = 0
Number of asset objects unloaded after import = 1
========================================================================
Received Import Request.
  Time since last request: 0.000275 seconds.
  path: Assets/ScifiOfficeLite/Meshes/Textures/Environment/Table texture set/Table Props/crates_MaskMap.png
  artifactKey: Guid(e2dc11afc7fca29478cf2ac37a34ef45) Importer(2089858483,0ecaa5967403d082aa24f35e1b516d23)
Start importing Assets/ScifiOfficeLite/Meshes/Textures/Environment/Table texture set/Table Props/crates_MaskMap.png using Guid(e2dc11afc7fca29478cf2ac37a34ef45) Importer(2089858483,0ecaa5967403d082aa24f35e1b516d23) Generated GUIDs only implemented for interfaces!
 -> (artifact id: '4fdf4460f536d3ef30d71772c8dbc909') in 0.217277 seconds
Number of updated asset objects reloaded before import = 0
Number of asset objects unloaded after import = 1
========================================================================
Received Import Request.
  Time since last request: 0.000063 seconds.
  path: Assets/ScifiOfficeLite/Meshes/Office Interior/Carpet/Carpet 8.FBX
  artifactKey: Guid(9c356ccbadb302f4c99fbe7879889240) Importer(2089858483,0ecaa5967403d082aa24f35e1b516d23)
Start importing Assets/ScifiOfficeLite/Meshes/Office Interior/Carpet/Carpet 8.FBX using Guid(9c356ccbadb302f4c99fbe7879889240) Importer(2089858483,0ecaa5967403d082aa24f35e1b516d23) Generated GUIDs only implemented for interfaces!
 -> (artifact id: 'fb2506a4ad8a870a160ed0851539819b') in 0.167295 seconds
Number of updated asset objects reloaded before import = 0
Number of asset objects unloaded after import = 7
========================================================================
Received Import Request.
  Time since last request: 0.000139 seconds.
  path: Assets/ScifiOfficeLite/Meshes/Textures/Environment/Table texture set/Table Props
  artifactKey: Guid(6ae0cbee4832259478da6d08ba1edea5) Importer(2089858483,0ecaa5967403d082aa24f35e1b516d23)
Start importing Assets/ScifiOfficeLite/Meshes/Textures/Environment/Table texture set/Table Props using Guid(6ae0cbee4832259478da6d08ba1edea5) Importer(2089858483,0ecaa5967403d082aa24f35e1b516d23) Generated GUIDs only implemented for interfaces!
 -> (artifact id: '432ca8a33a1fc316ce05db5cb2dd4dd6') in 0.080978 seconds
Number of updated asset objects reloaded before import = 0
Number of asset objects unloaded after import = 1
========================================================================
Received Import Request.
  Time since last request: 0.000406 seconds.
  path: Assets/ScifiOfficeLite/Meshes/Textures/Environment/Wall texture/Wall set 2/Wall_Multiset_2_Maskmap.png
  artifactKey: Guid(ad06a037a3a8b464d8a2e9b1a739c8bf) Importer(2089858483,0ecaa5967403d082aa24f35e1b516d23)
Start importing Assets/ScifiOfficeLite/Meshes/Textures/Environment/Wall texture/Wall set 2/Wall_Multiset_2_Maskmap.png using Guid(ad06a037a3a8b464d8a2e9b1a739c8bf) Importer(2089858483,0ecaa5967403d082aa24f35e1b516d23) Generated GUIDs only implemented for interfaces!
 -> (artifact id: 'b815c563f28ea78939cc41c4ffa7c955') in 0.471014 seconds
Number of updated asset objects reloaded before import = 0
Number of asset objects unloaded after import = 1
========================================================================
Received Import Request.
  Time since last request: 0.000125 seconds.
  path: Assets/ScifiOfficeLite/Prefabs/Tables/Grey Wood
  artifactKey: Guid(6248a98010f62184fa6a79db15b7517d) Importer(2089858483,0ecaa5967403d082aa24f35e1b516d23)
Start importing Assets/ScifiOfficeLite/Prefabs/Tables/Grey Wood using Guid(6248a98010f62184fa6a79db15b7517d) Importer(2089858483,0ecaa5967403d082aa24f35e1b516d23) Generated GUIDs only implemented for interfaces!
 -> (artifact id: '3429fcf8679649934d9bc06f2cf80cb1') in 0.084887 seconds
Number of updated asset objects reloaded before import = 0
Number of asset objects unloaded after import = 1
========================================================================
Received Import Request.
  Time since last request: 0.000387 seconds.
  path: Assets/ScifiOfficeLite/Meshes/Textures/Environment/Table texture set/Table Texture Set 4/Table texture set 4_Height.png
  artifactKey: Guid(42751b5e2843be94aafd005839e69ae5) Importer(2089858483,0ecaa5967403d082aa24f35e1b516d23)
Start importing Assets/ScifiOfficeLite/Meshes/Textures/Environment/Table texture set/Table Texture Set 4/Table texture set 4_Height.png using Guid(42751b5e2843be94aafd005839e69ae5) Importer(2089858483,0ecaa5967403d082aa24f35e1b516d23) Generated GUIDs only implemented for interfaces!
 -> (artifact id: '877518fb6e65d74a002f001c2744324d') in 0.376536 seconds
Number of updated asset objects reloaded before import = 0
Number of asset objects unloaded after import = 1
========================================================================
Received Import Request.
  Time since last request: 0.001735 seconds.
  path: Assets/ScifiOfficeLite/Meshes/Materials/Interactables and Doors
  artifactKey: Guid(69d0ad1a94c19ba47bfe5f45a14be6ed) Importer(2089858483,0ecaa5967403d082aa24f35e1b516d23)
Start importing Assets/ScifiOfficeLite/Meshes/Materials/Interactables and Doors using Guid(69d0ad1a94c19ba47bfe5f45a14be6ed) Importer(2089858483,0ecaa5967403d082aa24f35e1b516d23) Generated GUIDs only implemented for interfaces!
 -> (artifact id: 'e1198eae058b7abe0f8debe575c1aacb') in 0.071471 seconds
Number of updated asset objects reloaded before import = 0
Number of asset objects unloaded after import = 1
========================================================================
Received Import Request.
  Time since last request: 0.001681 seconds.
  path: Assets/ScifiOfficeLite/Meshes/Materials/Ground Mats/Carpet
  artifactKey: Guid(22917f72007f913409be43fa3f0d3206) Importer(2089858483,0ecaa5967403d082aa24f35e1b516d23)
Start importing Assets/ScifiOfficeLite/Meshes/Materials/Ground Mats/Carpet using Guid(22917f72007f913409be43fa3f0d3206) Importer(2089858483,0ecaa5967403d082aa24f35e1b516d23) Generated GUIDs only implemented for interfaces!
 -> (artifact id: '5cbf012322282d2c25eb8d3aa5eb5c46') in 0.206466 seconds
Number of updated asset objects reloaded before import = 0
Number of asset objects unloaded after import = 1
========================================================================
Received Import Request.
  Time since last request: 0.002443 seconds.
  path: Assets/ScifiOfficeLite
  artifactKey: Guid(cc7d4f65453d6054aa4c7eb6115f6a53) Importer(2089858483,0ecaa5967403d082aa24f35e1b516d23)
Start importing Assets/ScifiOfficeLite using Guid(cc7d4f65453d6054aa4c7eb6115f6a53) Importer(2089858483,0ecaa5967403d082aa24f35e1b516d23) Generated GUIDs only implemented for interfaces!
 -> (artifact id: '135f510ede57ca9117fafbfd6a849c85') in 0.161552 seconds
Number of updated asset objects reloaded before import = 0
Number of asset objects unloaded after import = 1
========================================================================
Received Import Request.
  Time since last request: 0.000812 seconds.
  path: Assets/ScifiOfficeLite/Prefabs/Chairs and Stools/Stool.prefab
  artifactKey: Guid(30971ea7d19a057458bf89e85d9d1f6c) Importer(2089858483,0ecaa5967403d082aa24f35e1b516d23)
Start importing Assets/ScifiOfficeLite/Prefabs/Chairs and Stools/Stool.prefab using Guid(30971ea7d19a057458bf89e85d9d1f6c) Importer(2089858483,0ecaa5967403d082aa24f35e1b516d23) Generated GUIDs only implemented for interfaces!
 -> (artifact id: '56e7c958cb631b1934bc697c03f21e4f') in 0.187477 seconds
Number of updated asset objects reloaded before import = 0
Number of asset objects unloaded after import = 8
========================================================================
Received Import Request.
  Time since last request: 0.000121 seconds.
  path: Assets/ScifiOfficeLite/Meshes/Textures/Environment/Table texture set/Table Props/tray AO.png
  artifactKey: Guid(05d2ac4a69b1b11409b8e329c874f14e) Importer(2089858483,0ecaa5967403d082aa24f35e1b516d23)
Start importing Assets/ScifiOfficeLite/Meshes/Textures/Environment/Table texture set/Table Props/tray AO.png using Guid(05d2ac4a69b1b11409b8e329c874f14e) Importer(2089858483,0ecaa5967403d082aa24f35e1b516d23) Generated GUIDs only implemented for interfaces!
 -> (artifact id: '9e36c64b68da866b1c3eccf9bc9045c1') in 0.286058 seconds
Number of updated asset objects reloaded before import = 0
Number of asset objects unloaded after import = 1
========================================================================
Received Import Request.
  Time since last request: 0.000587 seconds.
  path: Assets/ScifiOfficeLite/Meshes/Textures/Environment/Ground/Carpet/Carpet 2_Maskmap.png
  artifactKey: Guid(5eee7e57432a3a1448a1a59984aae992) Importer(2089858483,0ecaa5967403d082aa24f35e1b516d23)
Start importing Assets/ScifiOfficeLite/Meshes/Textures/Environment/Ground/Carpet/Carpet 2_Maskmap.png using Guid(5eee7e57432a3a1448a1a59984aae992) Importer(2089858483,0ecaa5967403d082aa24f35e1b516d23) Generated GUIDs only implemented for interfaces!
 -> (artifact id: 'afbd86ff367c60634c33b4e266d17b5e') in 0.502895 seconds
Number of updated asset objects reloaded before import = 0
Number of asset objects unloaded after import = 1
========================================================================
Received Import Request.
  Time since last request: 0.000102 seconds.
  path: Assets/ScifiOfficeLite/Prefabs/Carpets and Floors/Carpet 10.prefab
  artifactKey: Guid(95c12aea438e34b41ab9fb7a62aea92f) Importer(2089858483,0ecaa5967403d082aa24f35e1b516d23)
Start importing Assets/ScifiOfficeLite/Prefabs/Carpets and Floors/Carpet 10.prefab using Guid(95c12aea438e34b41ab9fb7a62aea92f) Importer(2089858483,0ecaa5967403d082aa24f35e1b516d23) Generated GUIDs only implemented for interfaces!
 -> (artifact id: '0d6bae7e34daef9766037237baf18d06') in 0.275859 seconds
Number of updated asset objects reloaded before import = 0
Number of asset objects unloaded after import = 8
========================================================================
Received Import Request.
  Time since last request: 0.000597 seconds.
  path: Assets/ScifiOfficeLite/Prefabs/Carpets and Floors/Carpet 12.prefab
  artifactKey: Guid(da0accff20027304e9912226d132eaf5) Importer(2089858483,0ecaa5967403d082aa24f35e1b516d23)
Start importing Assets/ScifiOfficeLite/Prefabs/Carpets and Floors/Carpet 12.prefab using Guid(da0accff20027304e9912226d132eaf5) Importer(2089858483,0ecaa5967403d082aa24f35e1b516d23) Generated GUIDs only implemented for interfaces!
 -> (artifact id: '96e3ff40b9cbb9d10af601940c6a40b4') in 0.310858 seconds
Number of updated asset objects reloaded before import = 0
Number of asset objects unloaded after import = 8
========================================================================
Received Import Request.
  Time since last request: 0.000127 seconds.
  path: Assets/ScifiOfficeLite/Prefabs/Tables
  artifactKey: Guid(30f8ad2042ee31048a0894934f751dce) Importer(2089858483,0ecaa5967403d082aa24f35e1b516d23)
Start importing Assets/ScifiOfficeLite/Prefabs/Tables using Guid(30f8ad2042ee31048a0894934f751dce) Importer(2089858483,0ecaa5967403d082aa24f35e1b516d23) Generated GUIDs only implemented for interfaces!
 -> (artifact id: 'b7bd1649f77f002857dec3f779163204') in 0.124001 seconds
Number of updated asset objects reloaded before import = 0
Number of asset objects unloaded after import = 1
========================================================================
Received Import Request.
  Time since last request: 0.000250 seconds.
  path: Assets/ScifiOfficeLite/Meshes/Textures/Environment/Table texture set/Table Texture set 1/Table texture set 1_Diffuse.png
  artifactKey: Guid(1b42c5ebe64ae0547a8a4bc2dfa26f68) Importer(2089858483,0ecaa5967403d082aa24f35e1b516d23)
Start importing Assets/ScifiOfficeLite/Meshes/Textures/Environment/Table texture set/Table Texture set 1/Table texture set 1_Diffuse.png using Guid(1b42c5ebe64ae0547a8a4bc2dfa26f68) Importer(2089858483,0ecaa5967403d082aa24f35e1b516d23) Generated GUIDs only implemented for interfaces!
 -> (artifact id: 'e070f359fe386518c54e72897b304b84') in 0.295198 seconds
Number of updated asset objects reloaded before import = 0
Number of asset objects unloaded after import = 1
========================================================================
Received Import Request.
  Time since last request: 0.000107 seconds.
  path: Assets/ScifiOfficeLite/Prefabs/Doors/Broken Door.prefab
  artifactKey: Guid(8b2ed08f82f4cea41907e2cf2f8938c5) Importer(2089858483,0ecaa5967403d082aa24f35e1b516d23)
Start importing Assets/ScifiOfficeLite/Prefabs/Doors/Broken Door.prefab using Guid(8b2ed08f82f4cea41907e2cf2f8938c5) Importer(2089858483,0ecaa5967403d082aa24f35e1b516d23) Generated GUIDs only implemented for interfaces!
 -> (artifact id: 'e1f64226357ed72d594cfbdac42e7dda') in 0.360681 seconds
Number of updated asset objects reloaded before import = 0
Number of asset objects unloaded after import = 30
========================================================================
Received Import Request.
  Time since last request: 0.000204 seconds.
  path: Assets/ScifiOfficeLite/Prefabs/TVs/Tv 32 Inch.prefab
  artifactKey: Guid(fe19f183652f0434dba515f0a67f32fe) Importer(2089858483,0ecaa5967403d082aa24f35e1b516d23)
Start importing Assets/ScifiOfficeLite/Prefabs/TVs/Tv 32 Inch.prefab using Guid(fe19f183652f0434dba515f0a67f32fe) Importer(2089858483,0ecaa5967403d082aa24f35e1b516d23) Generated GUIDs only implemented for interfaces!
 -> (artifact id: '7555ac1a9ae4afd209d5ae5a0cc2fcda') in 0.210701 seconds
Number of updated asset objects reloaded before import = 0
Number of asset objects unloaded after import = 16
========================================================================
Received Import Request.
  Time since last request: 0.000304 seconds.
  path: Assets/ScifiOfficeLite/Scene/Demo/Lightmap-3_comp_light.exr
  artifactKey: Guid(0d345d9669cf0ee4ab097a2871d2a360) Importer(2089858483,0ecaa5967403d082aa24f35e1b516d23)
Start importing Assets/ScifiOfficeLite/Scene/Demo/Lightmap-3_comp_light.exr using Guid(0d345d9669cf0ee4ab097a2871d2a360) Importer(2089858483,0ecaa5967403d082aa24f35e1b516d23) Generated GUIDs only implemented for interfaces!
 -> (artifact id: 'ac69f6bab226999bb20b4aeb99af4d22') in 0.330066 seconds
Number of updated asset objects reloaded before import = 0
Number of asset objects unloaded after import = 1
========================================================================
Received Import Request.
  Time since last request: 0.000094 seconds.
  path: Assets/ScifiOfficeLite/Meshes/Materials/Chair set
  artifactKey: Guid(5e681572bd68ae643a86211473405927) Importer(2089858483,0ecaa5967403d082aa24f35e1b516d23)
Start importing Assets/ScifiOfficeLite/Meshes/Materials/Chair set using Guid(5e681572bd68ae643a86211473405927) Importer(2089858483,0ecaa5967403d082aa24f35e1b516d23) Generated GUIDs only implemented for interfaces!
 -> (artifact id: '19e97bfa1fddc6f9629d0ef8f2a1f59b') in 0.074806 seconds
Number of updated asset objects reloaded before import = 0
Number of asset objects unloaded after import = 1
========================================================================
Received Import Request.
  Time since last request: 0.000193 seconds.
  path: Assets/ScifiOfficeLite/Meshes/Textures/Environment/Techware/Techware_Height.png
  artifactKey: Guid(975e257f44c497d479c69e023fbb5c13) Importer(2089858483,0ecaa5967403d082aa24f35e1b516d23)
Start importing Assets/ScifiOfficeLite/Meshes/Textures/Environment/Techware/Techware_Height.png using Guid(975e257f44c497d479c69e023fbb5c13) Importer(2089858483,0ecaa5967403d082aa24f35e1b516d23) Generated GUIDs only implemented for interfaces!
 -> (artifact id: '8ab9ad32caf1d0c06770147ca7a898ad') in 0.263526 seconds
Number of updated asset objects reloaded before import = 0
Number of asset objects unloaded after import = 1
========================================================================
Received Import Request.
  Time since last request: 0.000736 seconds.
  path: Assets/ScifiOfficeLite/Scene/DemoSettings.lighting
  artifactKey: Guid(c1787e8e67ae3684fbf938d51ff81636) Importer(2089858483,0ecaa5967403d082aa24f35e1b516d23)
Start importing Assets/ScifiOfficeLite/Scene/DemoSettings.lighting using Guid(c1787e8e67ae3684fbf938d51ff81636) Importer(2089858483,0ecaa5967403d082aa24f35e1b516d23) Generated GUIDs only implemented for interfaces!
 -> (artifact id: 'a1e7fbd79d545967c53066cbb4d6188f') in 0.353645 seconds
Number of updated asset objects reloaded before import = 0
Number of asset objects unloaded after import = 1
========================================================================
Received Import Request.
  Time since last request: 0.000080 seconds.
  path: Assets/ScifiOfficeLite/Meshes/Sci-Fi Environment/Mechanical Arm 1.FBX
  artifactKey: Guid(2f3f5fc949fea6f46b038941d7fd2e4c) Importer(2089858483,0ecaa5967403d082aa24f35e1b516d23)
Start importing Assets/ScifiOfficeLite/Meshes/Sci-Fi Environment/Mechanical Arm 1.FBX using Guid(2f3f5fc949fea6f46b038941d7fd2e4c) Importer(2089858483,0ecaa5967403d082aa24f35e1b516d23) Generated GUIDs only implemented for interfaces!
 -> (artifact id: '5f440ad9d6e42b0eff616ba645943448') in 0.171207 seconds
Number of updated asset objects reloaded before import = 0
Number of asset objects unloaded after import = 113
========================================================================
Received Import Request.
  Time since last request: 0.000075 seconds.
  path: Assets/level3.png
  artifactKey: Guid(3e4899e48c0a46640846b9d7be5ddb71) Importer(2089858483,0ecaa5967403d082aa24f35e1b516d23)
Start importing Assets/level3.png using Guid(3e4899e48c0a46640846b9d7be5ddb71) Importer(2089858483,0ecaa5967403d082aa24f35e1b516d23) Generated GUIDs only implemented for interfaces!
 -> (artifact id: 'dffff6e34f0af47a806fd0ccca560b1e') in 0.218288 seconds
Number of updated asset objects reloaded before import = 0
Number of asset objects unloaded after import = 3
========================================================================
Received Import Request.
  Time since last request: 0.000084 seconds.
  path: Assets/ScifiOfficeLite/Prefabs/Carpets and Floors/Carpet 12.prefab
  artifactKey: Guid(da0accff20027304e9912226d132eaf5) Importer(815301076,1909f56bfc062723c751e8b465ee728b)
Start importing Assets/ScifiOfficeLite/Prefabs/Carpets and Floors/Carpet 12.prefab using Guid(da0accff20027304e9912226d132eaf5) Importer(815301076,1909f56bfc062723c751e8b465ee728b)  -> (artifact id: '86c31b97e10e85c054e7c996bedde6b4') in 4.477420 seconds
Number of updated asset objects reloaded before import = 0
Number of asset objects unloaded after import = 14
========================================================================
Received Import Request.
  Time since last request: 0.000102 seconds.
  path: Assets/ScifiOfficeLite/Meshes/Materials/Table Texture Set/Table Texture Set 4.mat
  artifactKey: Guid(8be3d03ce8e7a7046b29f01d73791831) Importer(2089858483,0ecaa5967403d082aa24f35e1b516d23)
Start importing Assets/ScifiOfficeLite/Meshes/Materials/Table Texture Set/Table Texture Set 4.mat using Guid(8be3d03ce8e7a7046b29f01d73791831) Importer(2089858483,0ecaa5967403d082aa24f35e1b516d23) Generated GUIDs only implemented for interfaces!
 -> (artifact id: '9ac033c770225c5fc6d2b9e84eaf8731') in 0.146266 seconds
Number of updated asset objects reloaded before import = 0
Number of asset objects unloaded after import = 5
========================================================================
Received Import Request.
  Time since last request: 0.000065 seconds.
  path: Assets/ScifiOfficeLite/Meshes/Textures/Environment/Techware/Keyboard props texture/Keyboard Props_Normal.png
  artifactKey: Guid(ec75dfe1d08f0e845b031ed1962c38bf) Importer(2089858483,0ecaa5967403d082aa24f35e1b516d23)
Start importing Assets/ScifiOfficeLite/Meshes/Textures/Environment/Techware/Keyboard props texture/Keyboard Props_Normal.png using Guid(ec75dfe1d08f0e845b031ed1962c38bf) Importer(2089858483,0ecaa5967403d082aa24f35e1b516d23) Generated GUIDs only implemented for interfaces!
 -> (artifact id: 'c72bf9aaf45b2e343bc23e696d525515') in 0.139147 seconds
Number of updated asset objects reloaded before import = 0
Number of asset objects unloaded after import = 1
========================================================================
Received Import Request.
  Time since last request: 0.000099 seconds.
  path: Assets/ScifiOfficeLite/Meshes/Walls/Wall Pillar 3.FBX
  artifactKey: Guid(4d5d0a66e903ea14e8c955eb7d88c2dc) Importer(2089858483,0ecaa5967403d082aa24f35e1b516d23)
Start importing Assets/ScifiOfficeLite/Meshes/Walls/Wall Pillar 3.FBX using Guid(4d5d0a66e903ea14e8c955eb7d88c2dc) Importer(2089858483,0ecaa5967403d082aa24f35e1b516d23) Generated GUIDs only implemented for interfaces!
 -> (artifact id: 'b0031e29b41a0f54daba59c6404bf58e') in 0.125327 seconds
Number of updated asset objects reloaded before import = 0
Number of asset objects unloaded after import = 7
========================================================================
Received Import Request.
  Time since last request: 0.000144 seconds.
  path: Assets/ScifiOfficeLite/Meshes/Walls/Wall With Windows Set 10.FBX
  artifactKey: Guid(079bbfeb36213f14dbeb94410d3f7377) Importer(2089858483,0ecaa5967403d082aa24f35e1b516d23)
Start importing Assets/ScifiOfficeLite/Meshes/Walls/Wall With Windows Set 10.FBX using Guid(079bbfeb36213f14dbeb94410d3f7377) Importer(2089858483,0ecaa5967403d082aa24f35e1b516d23) Generated GUIDs only implemented for interfaces!
 -> (artifact id: '2ff4cbb3ca7827f51f1d3a2f41c87e3b') in 0.142183 seconds
Number of updated asset objects reloaded before import = 0
Number of asset objects unloaded after import = 24
========================================================================
Received Import Request.
  Time since last request: 0.000085 seconds.
  path: Assets/ScifiOfficeLite/Meshes/Textures/Environment/Ground/Carpet/Door Mat_Normal.png
  artifactKey: Guid(b8564ed44837ce7459103a6a81e38c71) Importer(2089858483,0ecaa5967403d082aa24f35e1b516d23)
Start importing Assets/ScifiOfficeLite/Meshes/Textures/Environment/Ground/Carpet/Door Mat_Normal.png using Guid(b8564ed44837ce7459103a6a81e38c71) Importer(2089858483,0ecaa5967403d082aa24f35e1b516d23) Generated GUIDs only implemented for interfaces!
 -> (artifact id: '8d4499ac3f8c68a022cdb427427b8946') in 0.156480 seconds
Number of updated asset objects reloaded before import = 0
Number of asset objects unloaded after import = 1
========================================================================
Received Import Request.
  Time since last request: 0.000154 seconds.
  path: Assets/ScifiOfficeLite/Meshes/Office Interior/Carpet/Carpet 12.FBX
  artifactKey: Guid(24e5172242125aa45925cd25104a5d1a) Importer(2089858483,0ecaa5967403d082aa24f35e1b516d23)
Start importing Assets/ScifiOfficeLite/Meshes/Office Interior/Carpet/Carpet 12.FBX using Guid(24e5172242125aa45925cd25104a5d1a) Importer(2089858483,0ecaa5967403d082aa24f35e1b516d23) Generated GUIDs only implemented for interfaces!
 -> (artifact id: 'c90d83af494220e29b81e3238261728b') in 0.099636 seconds
Number of updated asset objects reloaded before import = 0
Number of asset objects unloaded after import = 7
========================================================================
Received Import Request.
  Time since last request: 0.000053 seconds.
  path: Assets/ScifiOfficeLite/Prefabs/Carpets and Floors/Carpet 9.prefab
  artifactKey: Guid(acab94f45c12b614bbebc0d29b12da88) Importer(815301076,1909f56bfc062723c751e8b465ee728b)
Start importing Assets/ScifiOfficeLite/Prefabs/Carpets and Floors/Carpet 9.prefab using Guid(acab94f45c12b614bbebc0d29b12da88) Importer(815301076,1909f56bfc062723c751e8b465ee728b)  -> (artifact id: '1ce32b29e4a6ca97dccd910ef191bc41') in 0.399400 seconds
Number of updated asset objects reloaded before import = 0
Number of asset objects unloaded after import = 14
========================================================================
Received Import Request.
  Time since last request: 0.000156 seconds.
  path: Assets/ScifiOfficeLite/Prefabs/Lighting
  artifactKey: Guid(b876242c9588755499b2edb9d2ff2381) Importer(815301076,1909f56bfc062723c751e8b465ee728b)
Start importing Assets/ScifiOfficeLite/Prefabs/Lighting using Guid(b876242c9588755499b2edb9d2ff2381) Importer(815301076,1909f56bfc062723c751e8b465ee728b)  -> (artifact id: '26dd033fba17266888b703f7cfc18dce') in 0.002940 seconds
Number of updated asset objects reloaded before import = 0
Number of asset objects unloaded after import = 0
========================================================================
Received Import Request.
  Time since last request: 0.002887 seconds.
  path: Assets/ScifiOfficeLite/Prefabs/Tables/Dark Oak/Drawer Table Long Dark Oak.prefab
  artifactKey: Guid(d9ed09438f7ef114dbd1922e839b6837) Importer(815301076,1909f56bfc062723c751e8b465ee728b)
Start importing Assets/ScifiOfficeLite/Prefabs/Tables/Dark Oak/Drawer Table Long Dark Oak.prefab using Guid(d9ed09438f7ef114dbd1922e839b6837) Importer(815301076,1909f56bfc062723c751e8b465ee728b)  -> (artifact id: 'ba2f385643a782f5007c090db6d676dc') in 1.639838 seconds
Number of updated asset objects reloaded before import = 0
Number of asset objects unloaded after import = 56
========================================================================
Received Import Request.
  Time since last request: 0.000149 seconds.
  path: Assets/ScifiOfficeLite/Prefabs/Shelf with Crates.prefab
  artifactKey: Guid(f355da60777d10946920a8b633e6b316) Importer(815301076,1909f56bfc062723c751e8b465ee728b)
Start importing Assets/ScifiOfficeLite/Prefabs/Shelf with Crates.prefab using Guid(f355da60777d10946920a8b633e6b316) Importer(815301076,1909f56bfc062723c751e8b465ee728b)  -> (artifact id: '1930416964217d361cf494d43462afec') in 1.417106 seconds
Number of updated asset objects reloaded before import = 0
Number of asset objects unloaded after import = 57
========================================================================
Received Import Request.
  Time since last request: 0.000144 seconds.
  path: Assets/ScifiOfficeLite/Prefabs/Tables/Grey Wood/Drawer Table Long Grey Wood Variant.prefab
  artifactKey: Guid(9467da3bd6f41fb47a3ad39c38b9f752) Importer(2089858483,0ecaa5967403d082aa24f35e1b516d23)
Start importing Assets/ScifiOfficeLite/Prefabs/Tables/Grey Wood/Drawer Table Long Grey Wood Variant.prefab using Guid(9467da3bd6f41fb47a3ad39c38b9f752) Importer(2089858483,0ecaa5967403d082aa24f35e1b516d23) Generated GUIDs only implemented for interfaces!
 -> (artifact id: '55d4b606a66002e52eeac5d2f75cb386') in 0.089896 seconds
Number of updated asset objects reloaded before import = 0
Number of asset objects unloaded after import = 84
========================================================================
Received Import Request.
  Time since last request: 0.279313 seconds.
  path: Assets/ScifiOfficeLite/Prefabs/Lighting/Ceiling Lights/2D/Ceiling Light.prefab
  artifactKey: Guid(ebb3c85b58baeef44825d9dcc11dc781) Importer(815301076,1909f56bfc062723c751e8b465ee728b)
Start importing Assets/ScifiOfficeLite/Prefabs/Lighting/Ceiling Lights/2D/Ceiling Light.prefab using Guid(ebb3c85b58baeef44825d9dcc11dc781) Importer(815301076,1909f56bfc062723c751e8b465ee728b)  -> (artifact id: '05af803820b37dc91ef92a69c730a49f') in 1.720033 seconds
Number of updated asset objects reloaded before import = 0
Number of asset objects unloaded after import = 25
========================================================================
Received Import Request.
  Time since last request: 176.403607 seconds.
  path: Assets/ScifiOfficeLite/Prefabs/Tech Accessories
  artifactKey: Guid(471d7a51e48b6f444809f36497e0ba67) Importer(815301076,1909f56bfc062723c751e8b465ee728b)
Start importing Assets/ScifiOfficeLite/Prefabs/Tech Accessories using Guid(471d7a51e48b6f444809f36497e0ba67) Importer(815301076,1909f56bfc062723c751e8b465ee728b)  -> (artifact id: 'c821a95cdab4d03a4937118feab0c7cd') in 0.004062 seconds
Number of updated asset objects reloaded before import = 0
Number of asset objects unloaded after import = 0
========================================================================
Received Import Request.
  Time since last request: 1.080273 seconds.
  path: Assets/ScifiOfficeLite/Prefabs/Tech Accessories/Mechanical arm 1.prefab
  artifactKey: Guid(a900f1c22e5d88743b2dcfab96b6a24c) Importer(815301076,1909f56bfc062723c751e8b465ee728b)
Start importing Assets/ScifiOfficeLite/Prefabs/Tech Accessories/Mechanical arm 1.prefab using Guid(a900f1c22e5d88743b2dcfab96b6a24c) Importer(815301076,1909f56bfc062723c751e8b465ee728b)  -> (artifact id: 'd66deb43d86fcfcedd3495be7183a64a') in 0.731073 seconds
Number of updated asset objects reloaded before import = 0
Number of asset objects unloaded after import = 131
========================================================================
Received Import Request.
  Time since last request: 0.000140 seconds.
  path: Assets/ScifiOfficeLite/Prefabs/Tech Accessories/PC 2.prefab
  artifactKey: Guid(f9a1a5c1a73edba4e8a191866f65123e) Importer(815301076,1909f56bfc062723c751e8b465ee728b)
Start importing Assets/ScifiOfficeLite/Prefabs/Tech Accessories/PC 2.prefab using Guid(f9a1a5c1a73edba4e8a191866f65123e) Importer(815301076,1909f56bfc062723c751e8b465ee728b)  -> (artifact id: 'fe75f6b9641551711727c9e42ead8703') in 1.463427 seconds
Number of updated asset objects reloaded before import = 0
Number of asset objects unloaded after import = 14
========================================================================
Received Import Request.
  Time since last request: 0.000170 seconds.
  path: Assets/ScifiOfficeLite/Prefabs/Tech Accessories/Server Rack.prefab
  artifactKey: Guid(ea0853a3b2545524481b0c984f27afd1) Importer(815301076,1909f56bfc062723c751e8b465ee728b)
Start importing Assets/ScifiOfficeLite/Prefabs/Tech Accessories/Server Rack.prefab using Guid(ea0853a3b2545524481b0c984f27afd1) Importer(815301076,1909f56bfc062723c751e8b465ee728b)  -> (artifact id: '760bb6528b15d7c1fe182696a5a13b51') in 1.385265 seconds
Number of updated asset objects reloaded before import = 0
Number of asset objects unloaded after import = 62
========================================================================
Received Import Request.
  Time since last request: 1186.631939 seconds.
  path: Assets/ScifiOfficeLite/Prefabs/Drawers
  artifactKey: Guid(87cbe5d7953095e42bfee2a1411c100f) Importer(815301076,1909f56bfc062723c751e8b465ee728b)
Start importing Assets/ScifiOfficeLite/Prefabs/Drawers using Guid(87cbe5d7953095e42bfee2a1411c100f) Importer(815301076,1909f56bfc062723c751e8b465ee728b)  -> (artifact id: 'af95c6b11d29bc95c3003eefb69d680a') in 0.005327 seconds
Number of updated asset objects reloaded before import = 0
Number of asset objects unloaded after import = 0
========================================================================
Received Import Request.
  Time since last request: 1.917299 seconds.
  path: Assets/ScifiOfficeLite/Prefabs/Drawers/Drawer 2.prefab
  artifactKey: Guid(c492efe3e037d4447923edc38633bd5b) Importer(815301076,1909f56bfc062723c751e8b465ee728b)
Start importing Assets/ScifiOfficeLite/Prefabs/Drawers/Drawer 2.prefab using Guid(c492efe3e037d4447923edc38633bd5b) Importer(815301076,1909f56bfc062723c751e8b465ee728b)  -> (artifact id: '7a2f314c4c23fff97c6a61f0b9d22de0') in 0.797517 seconds
Number of updated asset objects reloaded before import = 0
Number of asset objects unloaded after import = 45
========================================================================
Received Import Request.
  Time since last request: 0.000143 seconds.
  path: Assets/ScifiOfficeLite/Prefabs/Drawers/Vase.prefab
  artifactKey: Guid(2fec7c553d7825f4d8ed5bfae78a437c) Importer(815301076,1909f56bfc062723c751e8b465ee728b)
Start importing Assets/ScifiOfficeLite/Prefabs/Drawers/Vase.prefab using Guid(2fec7c553d7825f4d8ed5bfae78a437c) Importer(815301076,1909f56bfc062723c751e8b465ee728b)  -> (artifact id: 'fcdfeb92a1b454729566847b66589b82') in 0.271936 seconds
Number of updated asset objects reloaded before import = 0
Number of asset objects unloaded after import = 14
========================================================================
Received Import Request.
  Time since last request: 207.870830 seconds.
  path: Assets/ScifiOfficeLite/Meshes/Materials/Table Texture Set/Table Texture Set 1.mat
  artifactKey: Guid(0c0054d31d795964680d627bcf2e3097) Importer(2089858483,0ecaa5967403d082aa24f35e1b516d23)
Start importing Assets/ScifiOfficeLite/Meshes/Materials/Table Texture Set/Table Texture Set 1.mat using Guid(0c0054d31d795964680d627bcf2e3097) Importer(2089858483,0ecaa5967403d082aa24f35e1b516d23) Generated GUIDs only implemented for interfaces!
 -> (artifact id: '77aef47ccc06a79f570732aaf8531454') in 0.620256 seconds
Number of updated asset objects reloaded before import = 0
Number of asset objects unloaded after import = 5
========================================================================
Received Import Request.
  Time since last request: 0.000209 seconds.
  path: Assets/ScifiOfficeLite/Meshes/Materials/Interactables and Doors/Server, Control, Security panel/Mechanical arms.mat
  artifactKey: Guid(9ad210bc9fa286e47a62e047c835fafb) Importer(2089858483,0ecaa5967403d082aa24f35e1b516d23)
Start importing Assets/ScifiOfficeLite/Meshes/Materials/Interactables and Doors/Server, Control, Security panel/Mechanical arms.mat using Guid(9ad210bc9fa286e47a62e047c835fafb) Importer(2089858483,0ecaa5967403d082aa24f35e1b516d23) Generated GUIDs only implemented for interfaces!
 -> (artifact id: 'f870664aa460a1e855dd07387c87f8ab') in 0.204772 seconds
Number of updated asset objects reloaded before import = 0
Number of asset objects unloaded after import = 5
========================================================================
Received Import Request.
  Time since last request: 0.000295 seconds.
  path: Assets/ScifiOfficeLite/Meshes/Materials/Table Texture Set/Crates.mat
  artifactKey: Guid(a457eeed7158dbe4199e5cc71f4f9b35) Importer(2089858483,0ecaa5967403d082aa24f35e1b516d23)
Start importing Assets/ScifiOfficeLite/Meshes/Materials/Table Texture Set/Crates.mat using Guid(a457eeed7158dbe4199e5cc71f4f9b35) Importer(2089858483,0ecaa5967403d082aa24f35e1b516d23) Generated GUIDs only implemented for interfaces!
 -> (artifact id: 'cc9c6b1d472c5a08aa5f96aea15e760a') in 0.099861 seconds
Number of updated asset objects reloaded before import = 0
Number of asset objects unloaded after import = 5
========================================================================
Received Import Request.
  Time since last request: 0.000119 seconds.
  path: Assets/ScifiOfficeLite/Meshes/Materials/Table Texture Set/Table set Glass.mat
  artifactKey: Guid(794346bd97615e6469844a48607e7cef) Importer(2089858483,0ecaa5967403d082aa24f35e1b516d23)
Start importing Assets/ScifiOfficeLite/Meshes/Materials/Table Texture Set/Table set Glass.mat using Guid(794346bd97615e6469844a48607e7cef) Importer(2089858483,0ecaa5967403d082aa24f35e1b516d23) Generated GUIDs only implemented for interfaces!
 -> (artifact id: 'd701813c00c19a0936c1f1c3bbc3dc10') in 0.211038 seconds
Number of updated asset objects reloaded before import = 0
Number of asset objects unloaded after import = 5
========================================================================
Received Import Request.
  Time since last request: 0.004117 seconds.
  path: Assets/ScifiOfficeLite/Prefabs/Drawers/Drawer 2.prefab
  artifactKey: Guid(c492efe3e037d4447923edc38633bd5b) Importer(815301076,1909f56bfc062723c751e8b465ee728b)
Start importing Assets/ScifiOfficeLite/Prefabs/Drawers/Drawer 2.prefab using Guid(c492efe3e037d4447923edc38633bd5b) Importer(815301076,1909f56bfc062723c751e8b465ee728b)  -> (artifact id: '6b5f403bd4ed9424f1f5eecd7a00d994') in 0.343251 seconds
Number of updated asset objects reloaded before import = 0
Number of asset objects unloaded after import = 45
========================================================================
Received Import Request.
  Time since last request: 0.000174 seconds.
  path: Assets/Scenes/SampleScene.unity
  artifactKey: Guid(55daccc09a3b69647bbab145b54a3ab3) Importer(2089858483,0ecaa5967403d082aa24f35e1b516d23)
Start importing Assets/Scenes/SampleScene.unity using Guid(55daccc09a3b69647bbab145b54a3ab3) Importer(2089858483,0ecaa5967403d082aa24f35e1b516d23) Generated GUIDs only implemented for interfaces!
 -> (artifact id: 'd1de1fee9c9f240e698115e92a3036a4') in 0.110866 seconds
Number of updated asset objects reloaded before import = 0
Number of asset objects unloaded after import = 1
========================================================================
Received Import Request.
  Time since last request: 0.000529 seconds.
  path: Assets/ScifiOfficeLite/Meshes/Materials/Table Texture Set/Shelf.mat
  artifactKey: Guid(5b7f23233a988d04a9e57a1c1bfbacbb) Importer(2089858483,0ecaa5967403d082aa24f35e1b516d23)
Start importing Assets/ScifiOfficeLite/Meshes/Materials/Table Texture Set/Shelf.mat using Guid(5b7f23233a988d04a9e57a1c1bfbacbb) Importer(2089858483,0ecaa5967403d082aa24f35e1b516d23) Generated GUIDs only implemented for interfaces!
 -> (artifact id: '32b99b544814922ee8ce2dabcbbf884d') in 0.233958 seconds
Number of updated asset objects reloaded before import = 0
Number of asset objects unloaded after import = 5
Editor requested this worker to shutdown with reason: Scaling down because of idle timeout
TcpMessagingSession - receive error: operation aborted. errorcode: 995, details: The I/O operation has been aborted because of either a thread exit or an application request.
AssetImportWorker is now disconnected from the server
Process exiting
Exiting without the bug reporter. Application will terminate with return code 0